{"/Users/oscar/bootcamp/collab/skylab-bootcamp-201909/staff/oscar-rodriguez/baam/baam-api/logic/add-player-hand/index.spec.js":{"path":"/Users/oscar/bootcamp/collab/skylab-bootcamp-201909/staff/oscar-rodriguez/baam/baam-api/logic/add-player-hand/index.spec.js","statementMap":{"0":{"start":{"line":1,"column":0},"end":{"line":1,"column":26}},"1":{"start":{"line":3,"column":46},"end":{"line":3,"column":53}},"2":{"start":{"line":5,"column":19},"end":{"line":5,"column":34}},"3":{"start":{"line":6,"column":26},"end":{"line":6,"column":30}},"4":{"start":{"line":7,"column":22},"end":{"line":7,"column":34}},"5":{"start":{"line":8,"column":67},"end":{"line":8,"column":87}},"6":{"start":{"line":9,"column":69},"end":{"line":9,"column":89}},"7":{"start":{"line":11,"column":0},"end":{"line":220,"column":2}},"8":{"start":{"line":12,"column":4},"end":{"line":12,"column":47}},"9":{"start":{"line":12,"column":17},"end":{"line":12,"column":46}},"10":{"start":{"line":14,"column":31},"end":{"line":14,"column":33}},"11":{"start":{"line":14,"column":43},"end":{"line":14,"column":45}},"12":{"start":{"line":18,"column":4},"end":{"line":86,"column":6}},"13":{"start":{"line":19,"column":8},"end":{"line":19,"column":84}},"14":{"start":{"line":20,"column":8},"end":{"line":20,"column":29}},"15":{"start":{"line":22,"column":8},"end":{"line":36,"column":9}},"16":{"start":{"line":22,"column":21},"end":{"line":22,"column":22}},"17":{"start":{"line":23,"column":12},"end":{"line":23,"column":37}},"18":{"start":{"line":24,"column":12},"end":{"line":24,"column":51}},"19":{"start":{"line":25,"column":12},"end":{"line":25,"column":39}},"20":{"start":{"line":26,"column":12},"end":{"line":26,"column":28}},"21":{"start":{"line":27,"column":12},"end":{"line":27,"column":39}},"22":{"start":{"line":28,"column":12},"end":{"line":28,"column":41}},"23":{"start":{"line":29,"column":12},"end":{"line":29,"column":34}},"24":{"start":{"line":30,"column":12},"end":{"line":30,"column":41}},"25":{"start":{"line":32,"column":25},"end":{"line":32,"column":113}},"26":{"start":{"line":34,"column":12},"end":{"line":34,"column":32}},"27":{"start":{"line":35,"column":12},"end":{"line":35,"column":39}},"28":{"start":{"line":38,"column":8},"end":{"line":38,"column":33}},"29":{"start":{"line":39,"column":22},"end":{"line":39,"column":43}},"30":{"start":{"line":40,"column":20},"end":{"line":40,"column":48}},"31":{"start":{"line":41,"column":23},"end":{"line":41,"column":45}},"32":{"start":{"line":42,"column":23},"end":{"line":42,"column":45}},"33":{"start":{"line":44,"column":21},"end":{"line":44,"column":91}},"34":{"start":{"line":46,"column":8},"end":{"line":49,"column":10}},"35":{"start":{"line":47,"column":12},"end":{"line":47,"column":30}},"36":{"start":{"line":48,"column":12},"end":{"line":48,"column":27}},"37":{"start":{"line":51,"column":27},"end":{"line":61,"column":10}},"38":{"start":{"line":63,"column":8},"end":{"line":63,"column":24}},"39":{"start":{"line":65,"column":27},"end":{"line":75,"column":10}},"40":{"start":{"line":77,"column":24},"end":{"line":81,"column":9}},"41":{"start":{"line":83,"column":21},"end":{"line":83,"column":47}},"42":{"start":{"line":85,"column":8},"end":{"line":85,"column":24}},"43":{"start":{"line":88,"column":4},"end":{"line":98,"column":6}},"44":{"start":{"line":89,"column":8},"end":{"line":89,"column":49}},"45":{"start":{"line":91,"column":21},"end":{"line":91,"column":55}},"46":{"start":{"line":92,"column":8},"end":{"line":92,"column":30}},"47":{"start":{"line":94,"column":8},"end":{"line":94,"column":56}},"48":{"start":{"line":95,"column":8},"end":{"line":97,"column":9}},"49":{"start":{"line":96,"column":12},"end":{"line":96,"column":52}},"50":{"start":{"line":100,"column":4},"end":{"line":112,"column":6}},"51":{"start":{"line":101,"column":26},"end":{"line":101,"column":41}},"52":{"start":{"line":103,"column":8},"end":{"line":111,"column":9}},"53":{"start":{"line":104,"column":12},"end":{"line":104,"column":58}},"54":{"start":{"line":106,"column":12},"end":{"line":106,"column":54}},"55":{"start":{"line":108,"column":12},"end":{"line":108,"column":34}},"56":{"start":{"line":109,"column":12},"end":{"line":109,"column":60}},"57":{"start":{"line":110,"column":12},"end":{"line":110,"column":76}},"58":{"start":{"line":114,"column":4},"end":{"line":126,"column":6}},"59":{"start":{"line":115,"column":21},"end":{"line":115,"column":47}},"60":{"start":{"line":117,"column":8},"end":{"line":125,"column":9}},"61":{"start":{"line":118,"column":12},"end":{"line":118,"column":51}},"62":{"start":{"line":120,"column":12},"end":{"line":120,"column":54}},"63":{"start":{"line":122,"column":12},"end":{"line":122,"column":34}},"64":{"start":{"line":123,"column":12},"end":{"line":123,"column":60}},"65":{"start":{"line":124,"column":12},"end":{"line":124,"column":76}},"66":{"start":{"line":128,"column":4},"end":{"line":140,"column":6}},"67":{"start":{"line":129,"column":23},"end":{"line":129,"column":49}},"68":{"start":{"line":131,"column":8},"end":{"line":139,"column":9}},"69":{"start":{"line":132,"column":12},"end":{"line":132,"column":53}},"70":{"start":{"line":134,"column":12},"end":{"line":134,"column":54}},"71":{"start":{"line":136,"column":12},"end":{"line":136,"column":34}},"72":{"start":{"line":137,"column":12},"end":{"line":137,"column":60}},"73":{"start":{"line":138,"column":12},"end":{"line":138,"column":87}},"74":{"start":{"line":142,"column":4},"end":{"line":154,"column":6}},"75":{"start":{"line":143,"column":8},"end":{"line":143,"column":21}},"76":{"start":{"line":145,"column":8},"end":{"line":153,"column":9}},"77":{"start":{"line":146,"column":12},"end":{"line":146,"column":53}},"78":{"start":{"line":148,"column":12},"end":{"line":148,"column":54}},"79":{"start":{"line":150,"column":12},"end":{"line":150,"column":34}},"80":{"start":{"line":151,"column":12},"end":{"line":151,"column":60}},"81":{"start":{"line":152,"column":12},"end":{"line":152,"column":89}},"82":{"start":{"line":156,"column":4},"end":{"line":168,"column":6}},"83":{"start":{"line":157,"column":8},"end":{"line":157,"column":25}},"84":{"start":{"line":159,"column":8},"end":{"line":167,"column":9}},"85":{"start":{"line":160,"column":12},"end":{"line":160,"column":53}},"86":{"start":{"line":162,"column":12},"end":{"line":162,"column":54}},"87":{"start":{"line":164,"column":12},"end":{"line":164,"column":34}},"88":{"start":{"line":165,"column":12},"end":{"line":165,"column":60}},"89":{"start":{"line":166,"column":12},"end":{"line":166,"column":89}},"90":{"start":{"line":170,"column":4},"end":{"line":182,"column":6}},"91":{"start":{"line":171,"column":8},"end":{"line":171,"column":28}},"92":{"start":{"line":173,"column":8},"end":{"line":181,"column":9}},"93":{"start":{"line":174,"column":12},"end":{"line":174,"column":53}},"94":{"start":{"line":176,"column":12},"end":{"line":176,"column":54}},"95":{"start":{"line":178,"column":12},"end":{"line":178,"column":34}},"96":{"start":{"line":179,"column":12},"end":{"line":179,"column":60}},"97":{"start":{"line":180,"column":12},"end":{"line":180,"column":89}},"98":{"start":{"line":184,"column":4},"end":{"line":216,"column":6}},"99":{"start":{"line":185,"column":8},"end":{"line":185,"column":79}},"100":{"start":{"line":185,"column":21},"end":{"line":185,"column":37}},"101":{"start":{"line":186,"column":8},"end":{"line":186,"column":85}},"102":{"start":{"line":186,"column":21},"end":{"line":186,"column":40}},"103":{"start":{"line":187,"column":8},"end":{"line":187,"column":79}},"104":{"start":{"line":187,"column":21},"end":{"line":187,"column":38}},"105":{"start":{"line":188,"column":8},"end":{"line":188,"column":94}},"106":{"start":{"line":188,"column":21},"end":{"line":188,"column":38}},"107":{"start":{"line":189,"column":8},"end":{"line":189,"column":95}},"108":{"start":{"line":189,"column":21},"end":{"line":189,"column":45}},"109":{"start":{"line":190,"column":8},"end":{"line":190,"column":85}},"110":{"start":{"line":190,"column":21},"end":{"line":190,"column":40}},"111":{"start":{"line":192,"column":8},"end":{"line":192,"column":94}},"112":{"start":{"line":192,"column":21},"end":{"line":192,"column":43}},"113":{"start":{"line":194,"column":8},"end":{"line":194,"column":86}},"114":{"start":{"line":194,"column":21},"end":{"line":194,"column":38}},"115":{"start":{"line":195,"column":8},"end":{"line":195,"column":91}},"116":{"start":{"line":195,"column":21},"end":{"line":195,"column":43}},"117":{"start":{"line":197,"column":8},"end":{"line":197,"column":86}},"118":{"start":{"line":197,"column":21},"end":{"line":197,"column":44}},"119":{"start":{"line":198,"column":8},"end":{"line":198,"column":92}},"120":{"start":{"line":198,"column":21},"end":{"line":198,"column":47}},"121":{"start":{"line":199,"column":8},"end":{"line":199,"column":86}},"122":{"start":{"line":199,"column":21},"end":{"line":199,"column":45}},"123":{"start":{"line":200,"column":8},"end":{"line":200,"column":101}},"124":{"start":{"line":200,"column":21},"end":{"line":200,"column":45}},"125":{"start":{"line":201,"column":8},"end":{"line":201,"column":102}},"126":{"start":{"line":201,"column":21},"end":{"line":201,"column":52}},"127":{"start":{"line":202,"column":8},"end":{"line":202,"column":92}},"128":{"start":{"line":202,"column":21},"end":{"line":202,"column":47}},"129":{"start":{"line":204,"column":8},"end":{"line":204,"column":101}},"130":{"start":{"line":204,"column":21},"end":{"line":204,"column":50}},"131":{"start":{"line":207,"column":8},"end":{"line":207,"column":93}},"132":{"start":{"line":207,"column":21},"end":{"line":207,"column":45}},"133":{"start":{"line":208,"column":8},"end":{"line":208,"column":98}},"134":{"start":{"line":208,"column":21},"end":{"line":208,"column":50}},"135":{"start":{"line":210,"column":8},"end":{"line":210,"column":94}},"136":{"start":{"line":210,"column":21},"end":{"line":210,"column":53}},"137":{"start":{"line":211,"column":8},"end":{"line":211,"column":100}},"138":{"start":{"line":211,"column":21},"end":{"line":211,"column":56}},"139":{"start":{"line":212,"column":8},"end":{"line":212,"column":96}},"140":{"start":{"line":212,"column":21},"end":{"line":212,"column":56}},"141":{"start":{"line":213,"column":8},"end":{"line":213,"column":109}},"142":{"start":{"line":213,"column":21},"end":{"line":213,"column":54}},"143":{"start":{"line":214,"column":8},"end":{"line":214,"column":110}},"144":{"start":{"line":214,"column":21},"end":{"line":214,"column":61}},"145":{"start":{"line":215,"column":8},"end":{"line":215,"column":100}},"146":{"start":{"line":215,"column":21},"end":{"line":215,"column":56}},"147":{"start":{"line":218,"column":4},"end":{"line":219,"column":36}},"148":{"start":{"line":218,"column":16},"end":{"line":219,"column":35}}},"fnMap":{"0":{"name":"(anonymous_0)","decl":{"start":{"line":11,"column":36},"end":{"line":11,"column":37}},"loc":{"start":{"line":11,"column":42},"end":{"line":220,"column":1}},"line":11},"1":{"name":"(anonymous_1)","decl":{"start":{"line":12,"column":11},"end":{"line":12,"column":12}},"loc":{"start":{"line":12,"column":17},"end":{"line":12,"column":46}},"line":12},"2":{"name":"(anonymous_2)","decl":{"start":{"line":18,"column":15},"end":{"line":18,"column":16}},"loc":{"start":{"line":18,"column":27},"end":{"line":86,"column":5}},"line":18},"3":{"name":"(anonymous_3)","decl":{"start":{"line":46,"column":22},"end":{"line":46,"column":23}},"loc":{"start":{"line":46,"column":28},"end":{"line":49,"column":9}},"line":46},"4":{"name":"(anonymous_4)","decl":{"start":{"line":88,"column":62},"end":{"line":88,"column":63}},"loc":{"start":{"line":88,"column":71},"end":{"line":98,"column":5}},"line":88},"5":{"name":"(anonymous_5)","decl":{"start":{"line":95,"column":37},"end":{"line":95,"column":38}},"loc":{"start":{"line":96,"column":12},"end":{"line":96,"column":52}},"line":96},"6":{"name":"(anonymous_6)","decl":{"start":{"line":100,"column":63},"end":{"line":100,"column":64}},"loc":{"start":{"line":100,"column":73},"end":{"line":112,"column":5}},"line":100},"7":{"name":"(anonymous_7)","decl":{"start":{"line":114,"column":39},"end":{"line":114,"column":40}},"loc":{"start":{"line":114,"column":51},"end":{"line":126,"column":5}},"line":114},"8":{"name":"(anonymous_8)","decl":{"start":{"line":128,"column":41},"end":{"line":128,"column":42}},"loc":{"start":{"line":128,"column":53},"end":{"line":140,"column":5}},"line":128},"9":{"name":"(anonymous_9)","decl":{"start":{"line":142,"column":43},"end":{"line":142,"column":44}},"loc":{"start":{"line":142,"column":55},"end":{"line":154,"column":5}},"line":142},"10":{"name":"(anonymous_10)","decl":{"start":{"line":156,"column":51},"end":{"line":156,"column":52}},"loc":{"start":{"line":156,"column":63},"end":{"line":168,"column":5}},"line":156},"11":{"name":"(anonymous_11)","decl":{"start":{"line":170,"column":61},"end":{"line":170,"column":62}},"loc":{"start":{"line":170,"column":73},"end":{"line":182,"column":5}},"line":170},"12":{"name":"(anonymous_12)","decl":{"start":{"line":184,"column":52},"end":{"line":184,"column":53}},"loc":{"start":{"line":184,"column":58},"end":{"line":216,"column":5}},"line":184},"13":{"name":"(anonymous_13)","decl":{"start":{"line":185,"column":15},"end":{"line":185,"column":16}},"loc":{"start":{"line":185,"column":21},"end":{"line":185,"column":37}},"line":185},"14":{"name":"(anonymous_14)","decl":{"start":{"line":186,"column":15},"end":{"line":186,"column":16}},"loc":{"start":{"line":186,"column":21},"end":{"line":186,"column":40}},"line":186},"15":{"name":"(anonymous_15)","decl":{"start":{"line":187,"column":15},"end":{"line":187,"column":16}},"loc":{"start":{"line":187,"column":21},"end":{"line":187,"column":38}},"line":187},"16":{"name":"(anonymous_16)","decl":{"start":{"line":188,"column":15},"end":{"line":188,"column":16}},"loc":{"start":{"line":188,"column":21},"end":{"line":188,"column":38}},"line":188},"17":{"name":"(anonymous_17)","decl":{"start":{"line":189,"column":15},"end":{"line":189,"column":16}},"loc":{"start":{"line":189,"column":21},"end":{"line":189,"column":45}},"line":189},"18":{"name":"(anonymous_18)","decl":{"start":{"line":190,"column":15},"end":{"line":190,"column":16}},"loc":{"start":{"line":190,"column":21},"end":{"line":190,"column":40}},"line":190},"19":{"name":"(anonymous_19)","decl":{"start":{"line":192,"column":15},"end":{"line":192,"column":16}},"loc":{"start":{"line":192,"column":21},"end":{"line":192,"column":43}},"line":192},"20":{"name":"(anonymous_20)","decl":{"start":{"line":194,"column":15},"end":{"line":194,"column":16}},"loc":{"start":{"line":194,"column":21},"end":{"line":194,"column":38}},"line":194},"21":{"name":"(anonymous_21)","decl":{"start":{"line":195,"column":15},"end":{"line":195,"column":16}},"loc":{"start":{"line":195,"column":21},"end":{"line":195,"column":43}},"line":195},"22":{"name":"(anonymous_22)","decl":{"start":{"line":197,"column":15},"end":{"line":197,"column":16}},"loc":{"start":{"line":197,"column":21},"end":{"line":197,"column":44}},"line":197},"23":{"name":"(anonymous_23)","decl":{"start":{"line":198,"column":15},"end":{"line":198,"column":16}},"loc":{"start":{"line":198,"column":21},"end":{"line":198,"column":47}},"line":198},"24":{"name":"(anonymous_24)","decl":{"start":{"line":199,"column":15},"end":{"line":199,"column":16}},"loc":{"start":{"line":199,"column":21},"end":{"line":199,"column":45}},"line":199},"25":{"name":"(anonymous_25)","decl":{"start":{"line":200,"column":15},"end":{"line":200,"column":16}},"loc":{"start":{"line":200,"column":21},"end":{"line":200,"column":45}},"line":200},"26":{"name":"(anonymous_26)","decl":{"start":{"line":201,"column":15},"end":{"line":201,"column":16}},"loc":{"start":{"line":201,"column":21},"end":{"line":201,"column":52}},"line":201},"27":{"name":"(anonymous_27)","decl":{"start":{"line":202,"column":15},"end":{"line":202,"column":16}},"loc":{"start":{"line":202,"column":21},"end":{"line":202,"column":47}},"line":202},"28":{"name":"(anonymous_28)","decl":{"start":{"line":204,"column":15},"end":{"line":204,"column":16}},"loc":{"start":{"line":204,"column":21},"end":{"line":204,"column":50}},"line":204},"29":{"name":"(anonymous_29)","decl":{"start":{"line":207,"column":15},"end":{"line":207,"column":16}},"loc":{"start":{"line":207,"column":21},"end":{"line":207,"column":45}},"line":207},"30":{"name":"(anonymous_30)","decl":{"start":{"line":208,"column":15},"end":{"line":208,"column":16}},"loc":{"start":{"line":208,"column":21},"end":{"line":208,"column":50}},"line":208},"31":{"name":"(anonymous_31)","decl":{"start":{"line":210,"column":15},"end":{"line":210,"column":16}},"loc":{"start":{"line":210,"column":21},"end":{"line":210,"column":53}},"line":210},"32":{"name":"(anonymous_32)","decl":{"start":{"line":211,"column":15},"end":{"line":211,"column":16}},"loc":{"start":{"line":211,"column":21},"end":{"line":211,"column":56}},"line":211},"33":{"name":"(anonymous_33)","decl":{"start":{"line":212,"column":15},"end":{"line":212,"column":16}},"loc":{"start":{"line":212,"column":21},"end":{"line":212,"column":56}},"line":212},"34":{"name":"(anonymous_34)","decl":{"start":{"line":213,"column":15},"end":{"line":213,"column":16}},"loc":{"start":{"line":213,"column":21},"end":{"line":213,"column":54}},"line":213},"35":{"name":"(anonymous_35)","decl":{"start":{"line":214,"column":15},"end":{"line":214,"column":16}},"loc":{"start":{"line":214,"column":21},"end":{"line":214,"column":61}},"line":214},"36":{"name":"(anonymous_36)","decl":{"start":{"line":215,"column":15},"end":{"line":215,"column":16}},"loc":{"start":{"line":215,"column":21},"end":{"line":215,"column":56}},"line":215},"37":{"name":"(anonymous_37)","decl":{"start":{"line":218,"column":11},"end":{"line":218,"column":12}},"loc":{"start":{"line":218,"column":16},"end":{"line":219,"column":35}},"line":218}},"branchMap":{"0":{"loc":{"start":{"line":35,"column":12},"end":{"line":35,"column":39}},"type":"binary-expr","locations":[{"start":{"line":35,"column":12},"end":{"line":35,"column":17}},{"start":{"line":35,"column":21},"end":{"line":35,"column":39}}],"line":35}},"s":{"0":1,"1":1,"2":1,"3":1,"4":1,"5":1,"6":1,"7":1,"8":1,"9":1,"10":1,"11":1,"12":1,"13":8,"14":8,"15":8,"16":8,"17":80,"18":80,"19":80,"20":80,"21":80,"22":80,"23":80,"24":80,"25":80,"26":80,"27":80,"28":8,"29":8,"30":8,"31":8,"32":8,"33":8,"34":8,"35":80,"36":80,"37":8,"38":8,"39":8,"40":8,"41":8,"42":8,"43":1,"44":1,"45":1,"46":1,"47":1,"48":1,"49":5,"50":1,"51":1,"52":1,"53":1,"54":0,"55":1,"56":1,"57":1,"58":1,"59":1,"60":1,"61":1,"62":0,"63":1,"64":1,"65":1,"66":1,"67":1,"68":1,"69":1,"70":0,"71":1,"72":1,"73":1,"74":1,"75":1,"76":1,"77":1,"78":0,"79":1,"80":1,"81":1,"82":1,"83":1,"84":1,"85":1,"86":0,"87":1,"88":1,"89":1,"90":1,"91":1,"92":1,"93":1,"94":0,"95":1,"96":1,"97":1,"98":1,"99":1,"100":1,"101":1,"102":1,"103":1,"104":1,"105":1,"106":1,"107":1,"108":1,"109":1,"110":1,"111":1,"112":1,"113":1,"114":1,"115":1,"116":1,"117":1,"118":1,"119":1,"120":1,"121":1,"122":1,"123":1,"124":1,"125":1,"126":1,"127":1,"128":1,"129":1,"130":1,"131":1,"132":1,"133":1,"134":1,"135":1,"136":1,"137":1,"138":1,"139":1,"140":1,"141":1,"142":1,"143":1,"144":1,"145":1,"146":1,"147":1,"148":1},"f":{"0":1,"1":1,"2":8,"3":80,"4":1,"5":5,"6":1,"7":1,"8":1,"9":1,"10":1,"11":1,"12":1,"13":1,"14":1,"15":1,"16":1,"17":1,"18":1,"19":1,"20":1,"21":1,"22":1,"23":1,"24":1,"25":1,"26":1,"27":1,"28":1,"29":1,"30":1,"31":1,"32":1,"33":1,"34":1,"35":1,"36":1,"37":1},"b":{"0":[80,40]},"_coverageSchema":"43e27e138ebf9cfc5966b082cf9a028302ed4184","hash":"3a5f3d6675142b7d8b57c2ea8b40cdf78bfcbd02","contentHash":"505b539dade40e4e07294a42f82ee8f3e1a96a43a86fc7519948a231c7e21200"},"/Users/oscar/bootcamp/collab/skylab-bootcamp-201909/staff/oscar-rodriguez/baam/baam-api/logic/add-player-hand/index.js":{"path":"/Users/oscar/bootcamp/collab/skylab-bootcamp-201909/staff/oscar-rodriguez/baam/baam-api/logic/add-player-hand/index.js","statementMap":{"0":{"start":{"line":1,"column":77},"end":{"line":1,"column":97}},"1":{"start":{"line":2,"column":45},"end":{"line":2,"column":65}},"2":{"start":{"line":3,"column":0},"end":{"line":3,"column":26}},"3":{"start":{"line":4,"column":33},"end":{"line":4,"column":40}},"4":{"start":{"line":6,"column":0},"end":{"line":43,"column":1}},"5":{"start":{"line":7,"column":4},"end":{"line":7,"column":27}},"6":{"start":{"line":8,"column":4},"end":{"line":8,"column":41}},"7":{"start":{"line":9,"column":4},"end":{"line":9,"column":88}},"8":{"start":{"line":9,"column":35},"end":{"line":9,"column":88}},"9":{"start":{"line":10,"column":4},"end":{"line":10,"column":29}},"10":{"start":{"line":12,"column":4},"end":{"line":12,"column":27}},"11":{"start":{"line":13,"column":4},"end":{"line":13,"column":41}},"12":{"start":{"line":14,"column":4},"end":{"line":14,"column":88}},"13":{"start":{"line":14,"column":35},"end":{"line":14,"column":88}},"14":{"start":{"line":15,"column":4},"end":{"line":15,"column":29}},"15":{"start":{"line":17,"column":4},"end":{"line":17,"column":24}},"16":{"start":{"line":18,"column":4},"end":{"line":18,"column":106}},"17":{"start":{"line":18,"column":36},"end":{"line":18,"column":106}},"18":{"start":{"line":20,"column":26},"end":{"line":23,"column":6}},"19":{"start":{"line":21,"column":8},"end":{"line":21,"column":107}},"20":{"start":{"line":21,"column":37},"end":{"line":21,"column":107}},"21":{"start":{"line":22,"column":8},"end":{"line":22,"column":29}},"22":{"start":{"line":25,"column":4},"end":{"line":42,"column":8}},"23":{"start":{"line":27,"column":21},"end":{"line":27,"column":48}},"24":{"start":{"line":28,"column":8},"end":{"line":28,"column":78}},"25":{"start":{"line":28,"column":19},"end":{"line":28,"column":78}},"26":{"start":{"line":31,"column":24},"end":{"line":31,"column":47}},"27":{"start":{"line":32,"column":30},"end":{"line":32,"column":98}},"28":{"start":{"line":32,"column":60},"end":{"line":32,"column":97}},"29":{"start":{"line":33,"column":8},"end":{"line":33,"column":99}},"30":{"start":{"line":33,"column":31},"end":{"line":33,"column":99}},"31":{"start":{"line":36,"column":21},"end":{"line":36,"column":69}},"32":{"start":{"line":37,"column":8},"end":{"line":37,"column":142}},"33":{"start":{"line":37,"column":40},"end":{"line":37,"column":69}},"34":{"start":{"line":37,"column":72},"end":{"line":37,"column":142}},"35":{"start":{"line":39,"column":8},"end":{"line":39,"column":55}},"36":{"start":{"line":41,"column":8},"end":{"line":41,"column":25}}},"fnMap":{"0":{"name":"(anonymous_0)","decl":{"start":{"line":6,"column":17},"end":{"line":6,"column":18}},"loc":{"start":{"line":6,"column":49},"end":{"line":43,"column":1}},"line":6},"1":{"name":"(anonymous_1)","decl":{"start":{"line":20,"column":35},"end":{"line":20,"column":36}},"loc":{"start":{"line":20,"column":41},"end":{"line":23,"column":5}},"line":20},"2":{"name":"(anonymous_2)","decl":{"start":{"line":25,"column":12},"end":{"line":25,"column":13}},"loc":{"start":{"line":25,"column":24},"end":{"line":42,"column":5}},"line":25},"3":{"name":"(anonymous_3)","decl":{"start":{"line":32,"column":48},"end":{"line":32,"column":49}},"loc":{"start":{"line":32,"column":60},"end":{"line":32,"column":97}},"line":32},"4":{"name":"(anonymous_4)","decl":{"start":{"line":37,"column":32},"end":{"line":37,"column":33}},"loc":{"start":{"line":37,"column":40},"end":{"line":37,"column":69}},"line":37}},"branchMap":{"0":{"loc":{"start":{"line":9,"column":4},"end":{"line":9,"column":88}},"type":"if","locations":[{"start":{"line":9,"column":4},"end":{"line":9,"column":88}},{"start":{"line":9,"column":4},"end":{"line":9,"column":88}}],"line":9},"1":{"loc":{"start":{"line":14,"column":4},"end":{"line":14,"column":88}},"type":"if","locations":[{"start":{"line":14,"column":4},"end":{"line":14,"column":88}},{"start":{"line":14,"column":4},"end":{"line":14,"column":88}}],"line":14},"2":{"loc":{"start":{"line":18,"column":4},"end":{"line":18,"column":106}},"type":"if","locations":[{"start":{"line":18,"column":4},"end":{"line":18,"column":106}},{"start":{"line":18,"column":4},"end":{"line":18,"column":106}}],"line":18},"3":{"loc":{"start":{"line":21,"column":8},"end":{"line":21,"column":107}},"type":"if","locations":[{"start":{"line":21,"column":8},"end":{"line":21,"column":107}},{"start":{"line":21,"column":8},"end":{"line":21,"column":107}}],"line":21},"4":{"loc":{"start":{"line":28,"column":8},"end":{"line":28,"column":78}},"type":"if","locations":[{"start":{"line":28,"column":8},"end":{"line":28,"column":78}},{"start":{"line":28,"column":8},"end":{"line":28,"column":78}}],"line":28},"5":{"loc":{"start":{"line":33,"column":8},"end":{"line":33,"column":99}},"type":"if","locations":[{"start":{"line":33,"column":8},"end":{"line":33,"column":99}},{"start":{"line":33,"column":8},"end":{"line":33,"column":99}}],"line":33},"6":{"loc":{"start":{"line":37,"column":8},"end":{"line":37,"column":142}},"type":"if","locations":[{"start":{"line":37,"column":8},"end":{"line":37,"column":142}},{"start":{"line":37,"column":8},"end":{"line":37,"column":142}}],"line":37}},"s":{"0":1,"1":1,"2":1,"3":1,"4":1,"5":31,"6":25,"7":23,"8":1,"9":22,"10":22,"11":16,"12":14,"13":1,"14":13,"15":13,"16":7,"17":2,"18":5,"19":25,"20":1,"21":24,"22":4,"23":4,"24":4,"25":1,"26":3,"27":3,"28":4,"29":3,"30":1,"31":2,"32":2,"33":10,"34":1,"35":1,"36":1},"f":{"0":31,"1":25,"2":4,"3":4,"4":10},"b":{"0":[1,22],"1":[1,13],"2":[2,5],"3":[1,24],"4":[1,3],"5":[1,2],"6":[1,1]},"_coverageSchema":"43e27e138ebf9cfc5966b082cf9a028302ed4184","hash":"12889aa1dded082fe262b06605324d31d2028cf2","contentHash":"d55c2d799d466e79d29865f539a07000a5132d72e26c80583badcf8c1c33dc85"},"/Users/oscar/bootcamp/collab/skylab-bootcamp-201909/staff/oscar-rodriguez/baam/baam-api/logic/authenticate-user/index.spec.js":{"path":"/Users/oscar/bootcamp/collab/skylab-bootcamp-201909/staff/oscar-rodriguez/baam/baam-api/logic/authenticate-user/index.spec.js","statementMap":{"0":{"start":{"line":1,"column":0},"end":{"line":1,"column":26}},"1":{"start":{"line":2,"column":33},"end":{"line":2,"column":40}},"2":{"start":{"line":3,"column":19},"end":{"line":3,"column":34}},"3":{"start":{"line":4,"column":25},"end":{"line":4,"column":37}},"4":{"start":{"line":5,"column":19},"end":{"line":5,"column":23}},"5":{"start":{"line":6,"column":55},"end":{"line":6,"column":75}},"6":{"start":{"line":7,"column":39},"end":{"line":7,"column":59}},"7":{"start":{"line":9,"column":0},"end":{"line":97,"column":2}},"8":{"start":{"line":10,"column":4},"end":{"line":10,"column":47}},"9":{"start":{"line":10,"column":17},"end":{"line":10,"column":46}},"10":{"start":{"line":14,"column":4},"end":{"line":26,"column":6}},"11":{"start":{"line":15,"column":8},"end":{"line":15,"column":33}},"12":{"start":{"line":16,"column":8},"end":{"line":16,"column":39}},"13":{"start":{"line":17,"column":8},"end":{"line":17,"column":44}},"14":{"start":{"line":18,"column":8},"end":{"line":18,"column":41}},"15":{"start":{"line":19,"column":8},"end":{"line":19,"column":41}},"16":{"start":{"line":21,"column":8},"end":{"line":21,"column":31}},"17":{"start":{"line":23,"column":21},"end":{"line":23,"column":84}},"18":{"start":{"line":25,"column":8},"end":{"line":25,"column":20}},"19":{"start":{"line":28,"column":4},"end":{"line":36,"column":6}},"20":{"start":{"line":29,"column":23},"end":{"line":29,"column":65}},"21":{"start":{"line":31,"column":8},"end":{"line":31,"column":31}},"22":{"start":{"line":32,"column":8},"end":{"line":32,"column":48}},"23":{"start":{"line":33,"column":8},"end":{"line":33,"column":50}},"24":{"start":{"line":35,"column":8},"end":{"line":35,"column":35}},"25":{"start":{"line":38,"column":4},"end":{"line":70,"column":6}},"26":{"start":{"line":39,"column":8},"end":{"line":53,"column":10}},"27":{"start":{"line":40,"column":29},"end":{"line":40,"column":36}},"28":{"start":{"line":42,"column":12},"end":{"line":52,"column":13}},"29":{"start":{"line":43,"column":16},"end":{"line":43,"column":58}},"30":{"start":{"line":45,"column":16},"end":{"line":45,"column":62}},"31":{"start":{"line":47,"column":16},"end":{"line":47,"column":38}},"32":{"start":{"line":48,"column":16},"end":{"line":48,"column":67}},"33":{"start":{"line":50,"column":36},"end":{"line":50,"column":41}},"34":{"start":{"line":51,"column":16},"end":{"line":51,"column":61}},"35":{"start":{"line":55,"column":8},"end":{"line":69,"column":10}},"36":{"start":{"line":56,"column":29},"end":{"line":56,"column":36}},"37":{"start":{"line":58,"column":12},"end":{"line":68,"column":13}},"38":{"start":{"line":59,"column":16},"end":{"line":59,"column":58}},"39":{"start":{"line":61,"column":16},"end":{"line":61,"column":62}},"40":{"start":{"line":63,"column":16},"end":{"line":63,"column":38}},"41":{"start":{"line":64,"column":16},"end":{"line":64,"column":67}},"42":{"start":{"line":66,"column":36},"end":{"line":66,"column":41}},"43":{"start":{"line":67,"column":16},"end":{"line":67,"column":61}},"44":{"start":{"line":72,"column":4},"end":{"line":92,"column":6}},"45":{"start":{"line":73,"column":8},"end":{"line":73,"column":82}},"46":{"start":{"line":73,"column":21},"end":{"line":73,"column":40}},"47":{"start":{"line":74,"column":8},"end":{"line":74,"column":88}},"48":{"start":{"line":74,"column":21},"end":{"line":74,"column":43}},"49":{"start":{"line":75,"column":8},"end":{"line":75,"column":82}},"50":{"start":{"line":75,"column":21},"end":{"line":75,"column":41}},"51":{"start":{"line":76,"column":8},"end":{"line":76,"column":97}},"52":{"start":{"line":76,"column":21},"end":{"line":76,"column":41}},"53":{"start":{"line":77,"column":8},"end":{"line":77,"column":98}},"54":{"start":{"line":77,"column":21},"end":{"line":77,"column":48}},"55":{"start":{"line":78,"column":8},"end":{"line":78,"column":88}},"56":{"start":{"line":78,"column":21},"end":{"line":78,"column":43}},"57":{"start":{"line":80,"column":8},"end":{"line":80,"column":95}},"58":{"start":{"line":80,"column":21},"end":{"line":80,"column":41}},"59":{"start":{"line":81,"column":8},"end":{"line":81,"column":100}},"60":{"start":{"line":81,"column":21},"end":{"line":81,"column":46}},"61":{"start":{"line":83,"column":8},"end":{"line":83,"column":89}},"62":{"start":{"line":83,"column":21},"end":{"line":83,"column":47}},"63":{"start":{"line":84,"column":8},"end":{"line":84,"column":95}},"64":{"start":{"line":84,"column":21},"end":{"line":84,"column":50}},"65":{"start":{"line":85,"column":8},"end":{"line":85,"column":89}},"66":{"start":{"line":85,"column":21},"end":{"line":85,"column":48}},"67":{"start":{"line":86,"column":8},"end":{"line":86,"column":104}},"68":{"start":{"line":86,"column":21},"end":{"line":86,"column":48}},"69":{"start":{"line":87,"column":8},"end":{"line":87,"column":105}},"70":{"start":{"line":87,"column":21},"end":{"line":87,"column":55}},"71":{"start":{"line":88,"column":8},"end":{"line":88,"column":95}},"72":{"start":{"line":88,"column":21},"end":{"line":88,"column":50}},"73":{"start":{"line":90,"column":8},"end":{"line":90,"column":102}},"74":{"start":{"line":90,"column":21},"end":{"line":90,"column":48}},"75":{"start":{"line":91,"column":8},"end":{"line":91,"column":107}},"76":{"start":{"line":91,"column":21},"end":{"line":91,"column":53}},"77":{"start":{"line":96,"column":4},"end":{"line":96,"column":60}},"78":{"start":{"line":96,"column":16},"end":{"line":96,"column":59}}},"fnMap":{"0":{"name":"(anonymous_0)","decl":{"start":{"line":9,"column":38},"end":{"line":9,"column":39}},"loc":{"start":{"line":9,"column":44},"end":{"line":97,"column":1}},"line":9},"1":{"name":"(anonymous_1)","decl":{"start":{"line":10,"column":11},"end":{"line":10,"column":12}},"loc":{"start":{"line":10,"column":17},"end":{"line":10,"column":46}},"line":10},"2":{"name":"(anonymous_2)","decl":{"start":{"line":14,"column":15},"end":{"line":14,"column":16}},"loc":{"start":{"line":14,"column":27},"end":{"line":26,"column":5}},"line":14},"3":{"name":"(anonymous_3)","decl":{"start":{"line":28,"column":48},"end":{"line":28,"column":49}},"loc":{"start":{"line":28,"column":60},"end":{"line":36,"column":5}},"line":28},"4":{"name":"(anonymous_4)","decl":{"start":{"line":38,"column":39},"end":{"line":38,"column":40}},"loc":{"start":{"line":38,"column":45},"end":{"line":70,"column":5}},"line":38},"5":{"name":"(anonymous_5)","decl":{"start":{"line":39,"column":44},"end":{"line":39,"column":45}},"loc":{"start":{"line":39,"column":56},"end":{"line":53,"column":9}},"line":39},"6":{"name":"(anonymous_6)","decl":{"start":{"line":55,"column":44},"end":{"line":55,"column":45}},"loc":{"start":{"line":55,"column":56},"end":{"line":69,"column":9}},"line":55},"7":{"name":"(anonymous_7)","decl":{"start":{"line":72,"column":98},"end":{"line":72,"column":99}},"loc":{"start":{"line":72,"column":104},"end":{"line":92,"column":5}},"line":72},"8":{"name":"(anonymous_8)","decl":{"start":{"line":73,"column":15},"end":{"line":73,"column":16}},"loc":{"start":{"line":73,"column":21},"end":{"line":73,"column":40}},"line":73},"9":{"name":"(anonymous_9)","decl":{"start":{"line":74,"column":15},"end":{"line":74,"column":16}},"loc":{"start":{"line":74,"column":21},"end":{"line":74,"column":43}},"line":74},"10":{"name":"(anonymous_10)","decl":{"start":{"line":75,"column":15},"end":{"line":75,"column":16}},"loc":{"start":{"line":75,"column":21},"end":{"line":75,"column":41}},"line":75},"11":{"name":"(anonymous_11)","decl":{"start":{"line":76,"column":15},"end":{"line":76,"column":16}},"loc":{"start":{"line":76,"column":21},"end":{"line":76,"column":41}},"line":76},"12":{"name":"(anonymous_12)","decl":{"start":{"line":77,"column":15},"end":{"line":77,"column":16}},"loc":{"start":{"line":77,"column":21},"end":{"line":77,"column":48}},"line":77},"13":{"name":"(anonymous_13)","decl":{"start":{"line":78,"column":15},"end":{"line":78,"column":16}},"loc":{"start":{"line":78,"column":21},"end":{"line":78,"column":43}},"line":78},"14":{"name":"(anonymous_14)","decl":{"start":{"line":80,"column":15},"end":{"line":80,"column":16}},"loc":{"start":{"line":80,"column":21},"end":{"line":80,"column":41}},"line":80},"15":{"name":"(anonymous_15)","decl":{"start":{"line":81,"column":15},"end":{"line":81,"column":16}},"loc":{"start":{"line":81,"column":21},"end":{"line":81,"column":46}},"line":81},"16":{"name":"(anonymous_16)","decl":{"start":{"line":83,"column":15},"end":{"line":83,"column":16}},"loc":{"start":{"line":83,"column":21},"end":{"line":83,"column":47}},"line":83},"17":{"name":"(anonymous_17)","decl":{"start":{"line":84,"column":15},"end":{"line":84,"column":16}},"loc":{"start":{"line":84,"column":21},"end":{"line":84,"column":50}},"line":84},"18":{"name":"(anonymous_18)","decl":{"start":{"line":85,"column":15},"end":{"line":85,"column":16}},"loc":{"start":{"line":85,"column":21},"end":{"line":85,"column":48}},"line":85},"19":{"name":"(anonymous_19)","decl":{"start":{"line":86,"column":15},"end":{"line":86,"column":16}},"loc":{"start":{"line":86,"column":21},"end":{"line":86,"column":48}},"line":86},"20":{"name":"(anonymous_20)","decl":{"start":{"line":87,"column":15},"end":{"line":87,"column":16}},"loc":{"start":{"line":87,"column":21},"end":{"line":87,"column":55}},"line":87},"21":{"name":"(anonymous_21)","decl":{"start":{"line":88,"column":15},"end":{"line":88,"column":16}},"loc":{"start":{"line":88,"column":21},"end":{"line":88,"column":50}},"line":88},"22":{"name":"(anonymous_22)","decl":{"start":{"line":90,"column":15},"end":{"line":90,"column":16}},"loc":{"start":{"line":90,"column":21},"end":{"line":90,"column":48}},"line":90},"23":{"name":"(anonymous_23)","decl":{"start":{"line":91,"column":15},"end":{"line":91,"column":16}},"loc":{"start":{"line":91,"column":21},"end":{"line":91,"column":53}},"line":91},"24":{"name":"(anonymous_24)","decl":{"start":{"line":96,"column":10},"end":{"line":96,"column":11}},"loc":{"start":{"line":96,"column":16},"end":{"line":96,"column":59}},"line":96}},"branchMap":{},"s":{"0":1,"1":1,"2":1,"3":1,"4":1,"5":1,"6":1,"7":1,"8":1,"9":1,"10":1,"11":4,"12":4,"13":4,"14":4,"15":4,"16":4,"17":4,"18":4,"19":1,"20":1,"21":1,"22":1,"23":1,"24":1,"25":1,"26":1,"27":1,"28":1,"29":1,"30":0,"31":1,"32":1,"33":1,"34":1,"35":1,"36":1,"37":1,"38":1,"39":0,"40":1,"41":1,"42":1,"43":1,"44":1,"45":1,"46":1,"47":1,"48":1,"49":1,"50":1,"51":1,"52":1,"53":1,"54":1,"55":1,"56":1,"57":1,"58":1,"59":1,"60":1,"61":1,"62":1,"63":1,"64":1,"65":1,"66":1,"67":1,"68":1,"69":1,"70":1,"71":1,"72":1,"73":1,"74":1,"75":1,"76":1,"77":1,"78":1},"f":{"0":1,"1":1,"2":4,"3":1,"4":1,"5":1,"6":1,"7":1,"8":1,"9":1,"10":1,"11":1,"12":1,"13":1,"14":1,"15":1,"16":1,"17":1,"18":1,"19":1,"20":1,"21":1,"22":1,"23":1,"24":1},"b":{},"_coverageSchema":"43e27e138ebf9cfc5966b082cf9a028302ed4184","hash":"4f7f5b7cb5713d2e6099ee447c3715375689d1d7","contentHash":"441e64fba368cbf7d281e71b8388deb4e8ba2ca611fc843b491f03fe71d809c3"},"/Users/oscar/bootcamp/collab/skylab-bootcamp-201909/staff/oscar-rodriguez/baam/baam-api/logic/authenticate-user/index.js":{"path":"/Users/oscar/bootcamp/collab/skylab-bootcamp-201909/staff/oscar-rodriguez/baam/baam-api/logic/authenticate-user/index.js","statementMap":{"0":{"start":{"line":1,"column":51},"end":{"line":1,"column":71}},"1":{"start":{"line":2,"column":29},"end":{"line":2,"column":49}},"2":{"start":{"line":4,"column":0},"end":{"line":21,"column":1}},"3":{"start":{"line":5,"column":4},"end":{"line":5,"column":29}},"4":{"start":{"line":6,"column":4},"end":{"line":6,"column":49}},"5":{"start":{"line":7,"column":4},"end":{"line":7,"column":29}},"6":{"start":{"line":8,"column":4},"end":{"line":8,"column":49}},"7":{"start":{"line":10,"column":4},"end":{"line":20,"column":8}},"8":{"start":{"line":11,"column":21},"end":{"line":11,"column":63}},"9":{"start":{"line":13,"column":8},"end":{"line":13,"column":66}},"10":{"start":{"line":13,"column":19},"end":{"line":13,"column":66}},"11":{"start":{"line":15,"column":8},"end":{"line":15,"column":34}},"12":{"start":{"line":17,"column":8},"end":{"line":17,"column":25}},"13":{"start":{"line":19,"column":8},"end":{"line":19,"column":22}}},"fnMap":{"0":{"name":"(anonymous_0)","decl":{"start":{"line":4,"column":17},"end":{"line":4,"column":18}},"loc":{"start":{"line":4,"column":47},"end":{"line":21,"column":1}},"line":4},"1":{"name":"(anonymous_1)","decl":{"start":{"line":10,"column":12},"end":{"line":10,"column":13}},"loc":{"start":{"line":10,"column":24},"end":{"line":20,"column":5}},"line":10}},"branchMap":{"0":{"loc":{"start":{"line":13,"column":8},"end":{"line":13,"column":66}},"type":"if","locations":[{"start":{"line":13,"column":8},"end":{"line":13,"column":66}},{"start":{"line":13,"column":8},"end":{"line":13,"column":66}}],"line":13}},"s":{"0":1,"1":1,"2":1,"3":19,"4":13,"5":11,"6":5,"7":3,"8":3,"9":3,"10":2,"11":1,"12":1,"13":1},"f":{"0":19,"1":3},"b":{"0":[2,1]},"_coverageSchema":"43e27e138ebf9cfc5966b082cf9a028302ed4184","hash":"38a785e851db1829881f177ff1587521845cac6d","contentHash":"2219389ddeb3cca009cf1ab77f7ca9e172b1be2808b18b4dc50684f84645cbaa"},"/Users/oscar/bootcamp/collab/skylab-bootcamp-201909/staff/oscar-rodriguez/baam/baam-api/logic/create-game/index.spec.js":{"path":"/Users/oscar/bootcamp/collab/skylab-bootcamp-201909/staff/oscar-rodriguez/baam/baam-api/logic/create-game/index.spec.js","statementMap":{"0":{"start":{"line":1,"column":0},"end":{"line":1,"column":26}},"1":{"start":{"line":2,"column":33},"end":{"line":2,"column":40}},"2":{"start":{"line":3,"column":19},"end":{"line":3,"column":34}},"3":{"start":{"line":4,"column":63},"end":{"line":4,"column":83}},"4":{"start":{"line":5,"column":49},"end":{"line":5,"column":70}},"5":{"start":{"line":6,"column":19},"end":{"line":6,"column":23}},"6":{"start":{"line":7,"column":19},"end":{"line":7,"column":31}},"7":{"start":{"line":9,"column":0},"end":{"line":76,"column":2}},"8":{"start":{"line":11,"column":4},"end":{"line":11,"column":47}},"9":{"start":{"line":11,"column":17},"end":{"line":11,"column":46}},"10":{"start":{"line":15,"column":4},"end":{"line":26,"column":6}},"11":{"start":{"line":16,"column":8},"end":{"line":16,"column":67}},"12":{"start":{"line":17,"column":19},"end":{"line":17,"column":37}},"13":{"start":{"line":18,"column":22},"end":{"line":18,"column":43}},"14":{"start":{"line":19,"column":20},"end":{"line":19,"column":48}},"15":{"start":{"line":20,"column":23},"end":{"line":20,"column":45}},"16":{"start":{"line":21,"column":23},"end":{"line":21,"column":45}},"17":{"start":{"line":23,"column":21},"end":{"line":23,"column":84}},"18":{"start":{"line":25,"column":8},"end":{"line":25,"column":32}},"19":{"start":{"line":29,"column":4},"end":{"line":44,"column":6}},"20":{"start":{"line":31,"column":35},"end":{"line":31,"column":55}},"21":{"start":{"line":33,"column":21},"end":{"line":33,"column":48}},"22":{"start":{"line":34,"column":8},"end":{"line":34,"column":29}},"23":{"start":{"line":35,"column":8},"end":{"line":35,"column":55}},"24":{"start":{"line":36,"column":8},"end":{"line":36,"column":47}},"25":{"start":{"line":37,"column":8},"end":{"line":37,"column":52}},"26":{"start":{"line":38,"column":8},"end":{"line":38,"column":53}},"27":{"start":{"line":40,"column":8},"end":{"line":40,"column":60}},"28":{"start":{"line":42,"column":8},"end":{"line":42,"column":53}},"29":{"start":{"line":46,"column":4},"end":{"line":59,"column":6}},"30":{"start":{"line":47,"column":8},"end":{"line":47,"column":34}},"31":{"start":{"line":49,"column":8},"end":{"line":57,"column":9}},"32":{"start":{"line":50,"column":12},"end":{"line":50,"column":32}},"33":{"start":{"line":52,"column":12},"end":{"line":52,"column":54}},"34":{"start":{"line":54,"column":12},"end":{"line":54,"column":34}},"35":{"start":{"line":55,"column":12},"end":{"line":55,"column":60}},"36":{"start":{"line":56,"column":12},"end":{"line":56,"column":60}},"37":{"start":{"line":61,"column":4},"end":{"line":72,"column":6}},"38":{"start":{"line":62,"column":8},"end":{"line":62,"column":76}},"39":{"start":{"line":62,"column":21},"end":{"line":62,"column":34}},"40":{"start":{"line":63,"column":8},"end":{"line":63,"column":82}},"41":{"start":{"line":63,"column":21},"end":{"line":63,"column":37}},"42":{"start":{"line":64,"column":8},"end":{"line":64,"column":76}},"43":{"start":{"line":64,"column":21},"end":{"line":64,"column":35}},"44":{"start":{"line":65,"column":8},"end":{"line":65,"column":91}},"45":{"start":{"line":65,"column":21},"end":{"line":65,"column":35}},"46":{"start":{"line":66,"column":8},"end":{"line":66,"column":92}},"47":{"start":{"line":66,"column":21},"end":{"line":66,"column":42}},"48":{"start":{"line":67,"column":8},"end":{"line":67,"column":82}},"49":{"start":{"line":67,"column":21},"end":{"line":67,"column":37}},"50":{"start":{"line":68,"column":8},"end":{"line":68,"column":91}},"51":{"start":{"line":68,"column":21},"end":{"line":68,"column":40}},"52":{"start":{"line":70,"column":8},"end":{"line":70,"column":83}},"53":{"start":{"line":70,"column":21},"end":{"line":70,"column":35}},"54":{"start":{"line":71,"column":8},"end":{"line":71,"column":88}},"55":{"start":{"line":71,"column":21},"end":{"line":71,"column":40}},"56":{"start":{"line":74,"column":4},"end":{"line":75,"column":35}},"57":{"start":{"line":74,"column":16},"end":{"line":75,"column":34}}},"fnMap":{"0":{"name":"(anonymous_0)","decl":{"start":{"line":9,"column":32},"end":{"line":9,"column":33}},"loc":{"start":{"line":9,"column":38},"end":{"line":76,"column":1}},"line":9},"1":{"name":"(anonymous_1)","decl":{"start":{"line":11,"column":11},"end":{"line":11,"column":12}},"loc":{"start":{"line":11,"column":17},"end":{"line":11,"column":46}},"line":11},"2":{"name":"(anonymous_2)","decl":{"start":{"line":15,"column":15},"end":{"line":15,"column":16}},"loc":{"start":{"line":15,"column":27},"end":{"line":26,"column":5}},"line":15},"3":{"name":"(anonymous_3)","decl":{"start":{"line":29,"column":57},"end":{"line":29,"column":58}},"loc":{"start":{"line":29,"column":69},"end":{"line":44,"column":5}},"line":29},"4":{"name":"(anonymous_4)","decl":{"start":{"line":46,"column":45},"end":{"line":46,"column":46}},"loc":{"start":{"line":46,"column":57},"end":{"line":59,"column":5}},"line":46},"5":{"name":"(anonymous_5)","decl":{"start":{"line":61,"column":52},"end":{"line":61,"column":53}},"loc":{"start":{"line":61,"column":58},"end":{"line":72,"column":5}},"line":61},"6":{"name":"(anonymous_6)","decl":{"start":{"line":62,"column":15},"end":{"line":62,"column":16}},"loc":{"start":{"line":62,"column":21},"end":{"line":62,"column":34}},"line":62},"7":{"name":"(anonymous_7)","decl":{"start":{"line":63,"column":15},"end":{"line":63,"column":16}},"loc":{"start":{"line":63,"column":21},"end":{"line":63,"column":37}},"line":63},"8":{"name":"(anonymous_8)","decl":{"start":{"line":64,"column":15},"end":{"line":64,"column":16}},"loc":{"start":{"line":64,"column":21},"end":{"line":64,"column":35}},"line":64},"9":{"name":"(anonymous_9)","decl":{"start":{"line":65,"column":15},"end":{"line":65,"column":16}},"loc":{"start":{"line":65,"column":21},"end":{"line":65,"column":35}},"line":65},"10":{"name":"(anonymous_10)","decl":{"start":{"line":66,"column":15},"end":{"line":66,"column":16}},"loc":{"start":{"line":66,"column":21},"end":{"line":66,"column":42}},"line":66},"11":{"name":"(anonymous_11)","decl":{"start":{"line":67,"column":15},"end":{"line":67,"column":16}},"loc":{"start":{"line":67,"column":21},"end":{"line":67,"column":37}},"line":67},"12":{"name":"(anonymous_12)","decl":{"start":{"line":68,"column":15},"end":{"line":68,"column":16}},"loc":{"start":{"line":68,"column":21},"end":{"line":68,"column":40}},"line":68},"13":{"name":"(anonymous_13)","decl":{"start":{"line":70,"column":15},"end":{"line":70,"column":16}},"loc":{"start":{"line":70,"column":21},"end":{"line":70,"column":35}},"line":70},"14":{"name":"(anonymous_14)","decl":{"start":{"line":71,"column":15},"end":{"line":71,"column":16}},"loc":{"start":{"line":71,"column":21},"end":{"line":71,"column":40}},"line":71},"15":{"name":"(anonymous_15)","decl":{"start":{"line":74,"column":10},"end":{"line":74,"column":11}},"loc":{"start":{"line":74,"column":16},"end":{"line":75,"column":34}},"line":74}},"branchMap":{},"s":{"0":1,"1":1,"2":1,"3":1,"4":1,"5":1,"6":1,"7":1,"8":1,"9":1,"10":1,"11":3,"12":3,"13":3,"14":3,"15":3,"16":3,"17":3,"18":3,"19":1,"20":1,"21":1,"22":1,"23":1,"24":1,"25":1,"26":1,"27":1,"28":1,"29":1,"30":1,"31":1,"32":1,"33":0,"34":1,"35":1,"36":1,"37":1,"38":1,"39":1,"40":1,"41":1,"42":1,"43":1,"44":1,"45":1,"46":1,"47":1,"48":1,"49":1,"50":1,"51":1,"52":1,"53":1,"54":1,"55":1,"56":1,"57":1},"f":{"0":1,"1":1,"2":3,"3":1,"4":1,"5":1,"6":1,"7":1,"8":1,"9":1,"10":1,"11":1,"12":1,"13":1,"14":1,"15":1},"b":{},"_coverageSchema":"43e27e138ebf9cfc5966b082cf9a028302ed4184","hash":"8a053d48b55a7a4854822b6d21a230f9824cc44b","contentHash":"c91a0272518be26add23f070abfa95d1d30af5ed901218cb54befa2bd46dca74"},"/Users/oscar/bootcamp/collab/skylab-bootcamp-201909/staff/oscar-rodriguez/baam/baam-api/logic/create-game/index.js":{"path":"/Users/oscar/bootcamp/collab/skylab-bootcamp-201909/staff/oscar-rodriguez/baam/baam-api/logic/create-game/index.js","statementMap":{"0":{"start":{"line":1,"column":62},"end":{"line":1,"column":82}},"1":{"start":{"line":2,"column":53},"end":{"line":2,"column":73}},"2":{"start":{"line":3,"column":26},"end":{"line":3,"column":30}},"3":{"start":{"line":4,"column":0},"end":{"line":4,"column":26}},"4":{"start":{"line":5,"column":41},"end":{"line":5,"column":48}},"5":{"start":{"line":7,"column":0},"end":{"line":45,"column":1}},"6":{"start":{"line":8,"column":4},"end":{"line":8,"column":27}},"7":{"start":{"line":9,"column":4},"end":{"line":9,"column":41}},"8":{"start":{"line":11,"column":4},"end":{"line":11,"column":88}},"9":{"start":{"line":11,"column":35},"end":{"line":11,"column":88}},"10":{"start":{"line":13,"column":4},"end":{"line":13,"column":29}},"11":{"start":{"line":15,"column":4},"end":{"line":44,"column":8}},"12":{"start":{"line":17,"column":21},"end":{"line":17,"column":48}},"13":{"start":{"line":18,"column":8},"end":{"line":18,"column":60}},"14":{"start":{"line":18,"column":19},"end":{"line":18,"column":60}},"15":{"start":{"line":20,"column":26},"end":{"line":30,"column":10}},"16":{"start":{"line":32,"column":24},"end":{"line":37,"column":9}},"17":{"start":{"line":39,"column":21},"end":{"line":39,"column":47}},"18":{"start":{"line":40,"column":8},"end":{"line":43,"column":9}}},"fnMap":{"0":{"name":"(anonymous_0)","decl":{"start":{"line":7,"column":17},"end":{"line":7,"column":18}},"loc":{"start":{"line":7,"column":35},"end":{"line":45,"column":1}},"line":7},"1":{"name":"(anonymous_1)","decl":{"start":{"line":15,"column":12},"end":{"line":15,"column":13}},"loc":{"start":{"line":15,"column":24},"end":{"line":44,"column":5}},"line":15}},"branchMap":{"0":{"loc":{"start":{"line":11,"column":4},"end":{"line":11,"column":88}},"type":"if","locations":[{"start":{"line":11,"column":4},"end":{"line":11,"column":88}},{"start":{"line":11,"column":4},"end":{"line":11,"column":88}}],"line":11},"1":{"loc":{"start":{"line":18,"column":8},"end":{"line":18,"column":60}},"type":"if","locations":[{"start":{"line":18,"column":8},"end":{"line":18,"column":60}},{"start":{"line":18,"column":8},"end":{"line":18,"column":60}}],"line":18}},"s":{"0":1,"1":1,"2":1,"3":1,"4":1,"5":1,"6":11,"7":5,"8":3,"9":1,"10":2,"11":2,"12":2,"13":2,"14":1,"15":1,"16":1,"17":1,"18":1},"f":{"0":11,"1":2},"b":{"0":[1,2],"1":[1,1]},"_coverageSchema":"43e27e138ebf9cfc5966b082cf9a028302ed4184","hash":"52cf1665a5c31b32283c5822370685f175c9e115","contentHash":"d0bfefd9d798ad9f60934dd4196019886a0f10845fd57ccfec8d6054b3685821"},"/Users/oscar/bootcamp/collab/skylab-bootcamp-201909/staff/oscar-rodriguez/baam/baam-api/logic/delete-game/index.spec.js":{"path":"/Users/oscar/bootcamp/collab/skylab-bootcamp-201909/staff/oscar-rodriguez/baam/baam-api/logic/delete-game/index.spec.js","statementMap":{"0":{"start":{"line":1,"column":0},"end":{"line":1,"column":26}},"1":{"start":{"line":2,"column":33},"end":{"line":2,"column":40}},"2":{"start":{"line":3,"column":13},"end":{"line":3,"column":28}},"3":{"start":{"line":4,"column":19},"end":{"line":4,"column":23}},"4":{"start":{"line":5,"column":19},"end":{"line":5,"column":41}},"5":{"start":{"line":6,"column":0},"end":{"line":6,"column":20}},"6":{"start":{"line":7,"column":26},"end":{"line":7,"column":30}},"7":{"start":{"line":8,"column":19},"end":{"line":8,"column":31}},"8":{"start":{"line":9,"column":67},"end":{"line":9,"column":87}},"9":{"start":{"line":10,"column":63},"end":{"line":10,"column":83}},"10":{"start":{"line":12,"column":0},"end":{"line":170,"column":2}},"11":{"start":{"line":14,"column":4},"end":{"line":14,"column":47}},"12":{"start":{"line":14,"column":17},"end":{"line":14,"column":46}},"13":{"start":{"line":18,"column":4},"end":{"line":89,"column":6}},"14":{"start":{"line":19,"column":8},"end":{"line":19,"column":46}},"15":{"start":{"line":21,"column":19},"end":{"line":21,"column":37}},"16":{"start":{"line":22,"column":22},"end":{"line":22,"column":43}},"17":{"start":{"line":23,"column":20},"end":{"line":23,"column":48}},"18":{"start":{"line":24,"column":23},"end":{"line":24,"column":45}},"19":{"start":{"line":25,"column":23},"end":{"line":25,"column":45}},"20":{"start":{"line":27,"column":21},"end":{"line":27,"column":84}},"21":{"start":{"line":29,"column":8},"end":{"line":29,"column":24}},"22":{"start":{"line":31,"column":27},"end":{"line":41,"column":10}},"23":{"start":{"line":43,"column":27},"end":{"line":53,"column":10}},"24":{"start":{"line":55,"column":24},"end":{"line":60,"column":9}},"25":{"start":{"line":62,"column":25},"end":{"line":67,"column":9}},"26":{"start":{"line":69,"column":25},"end":{"line":74,"column":9}},"27":{"start":{"line":76,"column":25},"end":{"line":81,"column":9}},"28":{"start":{"line":83,"column":22},"end":{"line":83,"column":77}},"29":{"start":{"line":84,"column":8},"end":{"line":84,"column":28}},"30":{"start":{"line":85,"column":8},"end":{"line":85,"column":29}},"31":{"start":{"line":86,"column":8},"end":{"line":86,"column":29}},"32":{"start":{"line":87,"column":8},"end":{"line":87,"column":29}},"33":{"start":{"line":91,"column":4},"end":{"line":105,"column":6}},"34":{"start":{"line":92,"column":8},"end":{"line":92,"column":40}},"35":{"start":{"line":94,"column":19},"end":{"line":94,"column":53}},"36":{"start":{"line":95,"column":8},"end":{"line":95,"column":33}},"37":{"start":{"line":97,"column":8},"end":{"line":97,"column":50}},"38":{"start":{"line":98,"column":8},"end":{"line":98,"column":29}},"39":{"start":{"line":100,"column":8},"end":{"line":100,"column":50}},"40":{"start":{"line":101,"column":8},"end":{"line":101,"column":29}},"41":{"start":{"line":103,"column":8},"end":{"line":103,"column":50}},"42":{"start":{"line":104,"column":8},"end":{"line":104,"column":29}},"43":{"start":{"line":107,"column":4},"end":{"line":117,"column":6}},"44":{"start":{"line":108,"column":22},"end":{"line":108,"column":43}},"45":{"start":{"line":110,"column":8},"end":{"line":116,"column":9}},"46":{"start":{"line":111,"column":12},"end":{"line":111,"column":43}},"47":{"start":{"line":112,"column":12},"end":{"line":112,"column":54}},"48":{"start":{"line":114,"column":12},"end":{"line":114,"column":34}},"49":{"start":{"line":115,"column":12},"end":{"line":115,"column":87}},"50":{"start":{"line":119,"column":4},"end":{"line":131,"column":6}},"51":{"start":{"line":120,"column":22},"end":{"line":120,"column":48}},"52":{"start":{"line":122,"column":8},"end":{"line":130,"column":9}},"53":{"start":{"line":123,"column":12},"end":{"line":123,"column":43}},"54":{"start":{"line":125,"column":12},"end":{"line":125,"column":54}},"55":{"start":{"line":127,"column":12},"end":{"line":127,"column":34}},"56":{"start":{"line":128,"column":12},"end":{"line":128,"column":60}},"57":{"start":{"line":129,"column":12},"end":{"line":129,"column":77}},"58":{"start":{"line":133,"column":4},"end":{"line":144,"column":6}},"59":{"start":{"line":135,"column":8},"end":{"line":143,"column":9}},"60":{"start":{"line":136,"column":12},"end":{"line":136,"column":45}},"61":{"start":{"line":138,"column":12},"end":{"line":138,"column":54}},"62":{"start":{"line":140,"column":12},"end":{"line":140,"column":34}},"63":{"start":{"line":141,"column":12},"end":{"line":141,"column":60}},"64":{"start":{"line":142,"column":12},"end":{"line":142,"column":87}},"65":{"start":{"line":146,"column":4},"end":{"line":168,"column":6}},"66":{"start":{"line":147,"column":8},"end":{"line":147,"column":76}},"67":{"start":{"line":147,"column":21},"end":{"line":147,"column":34}},"68":{"start":{"line":148,"column":8},"end":{"line":148,"column":82}},"69":{"start":{"line":148,"column":21},"end":{"line":148,"column":37}},"70":{"start":{"line":149,"column":8},"end":{"line":149,"column":76}},"71":{"start":{"line":149,"column":21},"end":{"line":149,"column":35}},"72":{"start":{"line":150,"column":8},"end":{"line":150,"column":91}},"73":{"start":{"line":150,"column":21},"end":{"line":150,"column":35}},"74":{"start":{"line":151,"column":8},"end":{"line":151,"column":92}},"75":{"start":{"line":151,"column":21},"end":{"line":151,"column":42}},"76":{"start":{"line":152,"column":8},"end":{"line":152,"column":82}},"77":{"start":{"line":152,"column":21},"end":{"line":152,"column":37}},"78":{"start":{"line":153,"column":8},"end":{"line":153,"column":91}},"79":{"start":{"line":153,"column":21},"end":{"line":153,"column":40}},"80":{"start":{"line":155,"column":8},"end":{"line":155,"column":87}},"81":{"start":{"line":155,"column":21},"end":{"line":155,"column":35}},"82":{"start":{"line":156,"column":8},"end":{"line":156,"column":92}},"83":{"start":{"line":156,"column":21},"end":{"line":156,"column":40}},"84":{"start":{"line":158,"column":8},"end":{"line":158,"column":84}},"85":{"start":{"line":158,"column":21},"end":{"line":158,"column":42}},"86":{"start":{"line":159,"column":8},"end":{"line":159,"column":90}},"87":{"start":{"line":159,"column":21},"end":{"line":159,"column":45}},"88":{"start":{"line":160,"column":8},"end":{"line":160,"column":84}},"89":{"start":{"line":160,"column":21},"end":{"line":160,"column":43}},"90":{"start":{"line":161,"column":8},"end":{"line":161,"column":99}},"91":{"start":{"line":161,"column":21},"end":{"line":161,"column":43}},"92":{"start":{"line":162,"column":8},"end":{"line":162,"column":100}},"93":{"start":{"line":162,"column":21},"end":{"line":162,"column":50}},"94":{"start":{"line":163,"column":8},"end":{"line":163,"column":90}},"95":{"start":{"line":163,"column":21},"end":{"line":163,"column":45}},"96":{"start":{"line":164,"column":8},"end":{"line":164,"column":99}},"97":{"start":{"line":164,"column":21},"end":{"line":164,"column":48}},"98":{"start":{"line":166,"column":8},"end":{"line":166,"column":97}},"99":{"start":{"line":166,"column":21},"end":{"line":166,"column":43}},"100":{"start":{"line":167,"column":8},"end":{"line":167,"column":102}},"101":{"start":{"line":167,"column":21},"end":{"line":167,"column":48}},"102":{"start":{"line":169,"column":4},"end":{"line":169,"column":94}},"103":{"start":{"line":169,"column":16},"end":{"line":169,"column":93}}},"fnMap":{"0":{"name":"(anonymous_0)","decl":{"start":{"line":12,"column":32},"end":{"line":12,"column":33}},"loc":{"start":{"line":12,"column":38},"end":{"line":170,"column":1}},"line":12},"1":{"name":"(anonymous_1)","decl":{"start":{"line":14,"column":11},"end":{"line":14,"column":12}},"loc":{"start":{"line":14,"column":17},"end":{"line":14,"column":46}},"line":14},"2":{"name":"(anonymous_2)","decl":{"start":{"line":18,"column":15},"end":{"line":18,"column":16}},"loc":{"start":{"line":18,"column":27},"end":{"line":89,"column":5}},"line":18},"3":{"name":"(anonymous_3)","decl":{"start":{"line":91,"column":82},"end":{"line":91,"column":83}},"loc":{"start":{"line":91,"column":94},"end":{"line":105,"column":5}},"line":91},"4":{"name":"(anonymous_4)","decl":{"start":{"line":107,"column":73},"end":{"line":107,"column":74}},"loc":{"start":{"line":107,"column":85},"end":{"line":117,"column":5}},"line":107},"5":{"name":"(anonymous_5)","decl":{"start":{"line":119,"column":39},"end":{"line":119,"column":40}},"loc":{"start":{"line":119,"column":51},"end":{"line":131,"column":5}},"line":119},"6":{"name":"(anonymous_6)","decl":{"start":{"line":133,"column":44},"end":{"line":133,"column":45}},"loc":{"start":{"line":133,"column":56},"end":{"line":144,"column":5}},"line":133},"7":{"name":"(anonymous_7)","decl":{"start":{"line":146,"column":52},"end":{"line":146,"column":53}},"loc":{"start":{"line":146,"column":58},"end":{"line":168,"column":5}},"line":146},"8":{"name":"(anonymous_8)","decl":{"start":{"line":147,"column":15},"end":{"line":147,"column":16}},"loc":{"start":{"line":147,"column":21},"end":{"line":147,"column":34}},"line":147},"9":{"name":"(anonymous_9)","decl":{"start":{"line":148,"column":15},"end":{"line":148,"column":16}},"loc":{"start":{"line":148,"column":21},"end":{"line":148,"column":37}},"line":148},"10":{"name":"(anonymous_10)","decl":{"start":{"line":149,"column":15},"end":{"line":149,"column":16}},"loc":{"start":{"line":149,"column":21},"end":{"line":149,"column":35}},"line":149},"11":{"name":"(anonymous_11)","decl":{"start":{"line":150,"column":15},"end":{"line":150,"column":16}},"loc":{"start":{"line":150,"column":21},"end":{"line":150,"column":35}},"line":150},"12":{"name":"(anonymous_12)","decl":{"start":{"line":151,"column":15},"end":{"line":151,"column":16}},"loc":{"start":{"line":151,"column":21},"end":{"line":151,"column":42}},"line":151},"13":{"name":"(anonymous_13)","decl":{"start":{"line":152,"column":15},"end":{"line":152,"column":16}},"loc":{"start":{"line":152,"column":21},"end":{"line":152,"column":37}},"line":152},"14":{"name":"(anonymous_14)","decl":{"start":{"line":153,"column":15},"end":{"line":153,"column":16}},"loc":{"start":{"line":153,"column":21},"end":{"line":153,"column":40}},"line":153},"15":{"name":"(anonymous_15)","decl":{"start":{"line":155,"column":15},"end":{"line":155,"column":16}},"loc":{"start":{"line":155,"column":21},"end":{"line":155,"column":35}},"line":155},"16":{"name":"(anonymous_16)","decl":{"start":{"line":156,"column":15},"end":{"line":156,"column":16}},"loc":{"start":{"line":156,"column":21},"end":{"line":156,"column":40}},"line":156},"17":{"name":"(anonymous_17)","decl":{"start":{"line":158,"column":15},"end":{"line":158,"column":16}},"loc":{"start":{"line":158,"column":21},"end":{"line":158,"column":42}},"line":158},"18":{"name":"(anonymous_18)","decl":{"start":{"line":159,"column":15},"end":{"line":159,"column":16}},"loc":{"start":{"line":159,"column":21},"end":{"line":159,"column":45}},"line":159},"19":{"name":"(anonymous_19)","decl":{"start":{"line":160,"column":15},"end":{"line":160,"column":16}},"loc":{"start":{"line":160,"column":21},"end":{"line":160,"column":43}},"line":160},"20":{"name":"(anonymous_20)","decl":{"start":{"line":161,"column":15},"end":{"line":161,"column":16}},"loc":{"start":{"line":161,"column":21},"end":{"line":161,"column":43}},"line":161},"21":{"name":"(anonymous_21)","decl":{"start":{"line":162,"column":15},"end":{"line":162,"column":16}},"loc":{"start":{"line":162,"column":21},"end":{"line":162,"column":50}},"line":162},"22":{"name":"(anonymous_22)","decl":{"start":{"line":163,"column":15},"end":{"line":163,"column":16}},"loc":{"start":{"line":163,"column":21},"end":{"line":163,"column":45}},"line":163},"23":{"name":"(anonymous_23)","decl":{"start":{"line":164,"column":15},"end":{"line":164,"column":16}},"loc":{"start":{"line":164,"column":21},"end":{"line":164,"column":48}},"line":164},"24":{"name":"(anonymous_24)","decl":{"start":{"line":166,"column":15},"end":{"line":166,"column":16}},"loc":{"start":{"line":166,"column":21},"end":{"line":166,"column":43}},"line":166},"25":{"name":"(anonymous_25)","decl":{"start":{"line":167,"column":15},"end":{"line":167,"column":16}},"loc":{"start":{"line":167,"column":21},"end":{"line":167,"column":48}},"line":167},"26":{"name":"(anonymous_26)","decl":{"start":{"line":169,"column":10},"end":{"line":169,"column":11}},"loc":{"start":{"line":169,"column":16},"end":{"line":169,"column":93}},"line":169}},"branchMap":{},"s":{"0":1,"1":1,"2":1,"3":1,"4":1,"5":1,"6":1,"7":1,"8":1,"9":1,"10":1,"11":1,"12":1,"13":1,"14":5,"15":5,"16":5,"17":5,"18":5,"19":5,"20":5,"21":5,"22":5,"23":5,"24":5,"25":5,"26":5,"27":5,"28":5,"29":5,"30":5,"31":5,"32":5,"33":1,"34":1,"35":1,"36":1,"37":1,"38":1,"39":1,"40":1,"41":1,"42":1,"43":1,"44":1,"45":1,"46":1,"47":0,"48":1,"49":1,"50":1,"51":1,"52":1,"53":1,"54":0,"55":1,"56":1,"57":1,"58":1,"59":1,"60":1,"61":0,"62":1,"63":1,"64":1,"65":1,"66":1,"67":1,"68":1,"69":1,"70":1,"71":1,"72":1,"73":1,"74":1,"75":1,"76":1,"77":1,"78":1,"79":1,"80":1,"81":1,"82":1,"83":1,"84":1,"85":1,"86":1,"87":1,"88":1,"89":1,"90":1,"91":1,"92":1,"93":1,"94":1,"95":1,"96":1,"97":1,"98":1,"99":1,"100":1,"101":1,"102":1,"103":1},"f":{"0":1,"1":1,"2":5,"3":1,"4":1,"5":1,"6":1,"7":1,"8":1,"9":1,"10":1,"11":1,"12":1,"13":1,"14":1,"15":1,"16":1,"17":1,"18":1,"19":1,"20":1,"21":1,"22":1,"23":1,"24":1,"25":1,"26":1},"b":{},"_coverageSchema":"43e27e138ebf9cfc5966b082cf9a028302ed4184","hash":"6aa29446c7f12883e941656a3acda9d6978c032f","contentHash":"fc210e8695cd06271456c00b11adf5188e1ef1066a55aa771a679cd4b18c1c7f"},"/Users/oscar/bootcamp/collab/skylab-bootcamp-201909/staff/oscar-rodriguez/baam/baam-api/logic/delete-game/index.js":{"path":"/Users/oscar/bootcamp/collab/skylab-bootcamp-201909/staff/oscar-rodriguez/baam/baam-api/logic/delete-game/index.js","statementMap":{"0":{"start":{"line":1,"column":77},"end":{"line":1,"column":97}},"1":{"start":{"line":2,"column":39},"end":{"line":2,"column":59}},"2":{"start":{"line":4,"column":0},"end":{"line":25,"column":1}},"3":{"start":{"line":5,"column":4},"end":{"line":5,"column":27}},"4":{"start":{"line":6,"column":4},"end":{"line":6,"column":45}},"5":{"start":{"line":7,"column":4},"end":{"line":7,"column":88}},"6":{"start":{"line":7,"column":35},"end":{"line":7,"column":88}},"7":{"start":{"line":8,"column":4},"end":{"line":8,"column":29}},"8":{"start":{"line":10,"column":4},"end":{"line":10,"column":27}},"9":{"start":{"line":11,"column":4},"end":{"line":11,"column":47}},"10":{"start":{"line":12,"column":4},"end":{"line":12,"column":88}},"11":{"start":{"line":12,"column":35},"end":{"line":12,"column":88}},"12":{"start":{"line":14,"column":4},"end":{"line":24,"column":8}},"13":{"start":{"line":15,"column":21},"end":{"line":15,"column":62}},"14":{"start":{"line":16,"column":8},"end":{"line":16,"column":78}},"15":{"start":{"line":16,"column":19},"end":{"line":16,"column":78}},"16":{"start":{"line":18,"column":8},"end":{"line":18,"column":124}},"17":{"start":{"line":18,"column":55},"end":{"line":18,"column":124}},"18":{"start":{"line":19,"column":8},"end":{"line":19,"column":107}},"19":{"start":{"line":19,"column":38},"end":{"line":19,"column":107}},"20":{"start":{"line":21,"column":8},"end":{"line":21,"column":36}},"21":{"start":{"line":23,"column":8},"end":{"line":23,"column":14}}},"fnMap":{"0":{"name":"(anonymous_0)","decl":{"start":{"line":4,"column":17},"end":{"line":4,"column":18}},"loc":{"start":{"line":4,"column":43},"end":{"line":25,"column":1}},"line":4},"1":{"name":"(anonymous_1)","decl":{"start":{"line":14,"column":12},"end":{"line":14,"column":13}},"loc":{"start":{"line":14,"column":24},"end":{"line":24,"column":5}},"line":14}},"branchMap":{"0":{"loc":{"start":{"line":7,"column":4},"end":{"line":7,"column":88}},"type":"if","locations":[{"start":{"line":7,"column":4},"end":{"line":7,"column":88}},{"start":{"line":7,"column":4},"end":{"line":7,"column":88}}],"line":7},"1":{"loc":{"start":{"line":12,"column":4},"end":{"line":12,"column":88}},"type":"if","locations":[{"start":{"line":12,"column":4},"end":{"line":12,"column":88}},{"start":{"line":12,"column":4},"end":{"line":12,"column":88}}],"line":12},"2":{"loc":{"start":{"line":16,"column":8},"end":{"line":16,"column":78}},"type":"if","locations":[{"start":{"line":16,"column":8},"end":{"line":16,"column":78}},{"start":{"line":16,"column":8},"end":{"line":16,"column":78}}],"line":16},"3":{"loc":{"start":{"line":18,"column":8},"end":{"line":18,"column":124}},"type":"if","locations":[{"start":{"line":18,"column":8},"end":{"line":18,"column":124}},{"start":{"line":18,"column":8},"end":{"line":18,"column":124}}],"line":18},"4":{"loc":{"start":{"line":19,"column":8},"end":{"line":19,"column":107}},"type":"if","locations":[{"start":{"line":19,"column":8},"end":{"line":19,"column":107}},{"start":{"line":19,"column":8},"end":{"line":19,"column":107}}],"line":19}},"s":{"0":1,"1":1,"2":1,"3":22,"4":16,"5":14,"6":1,"7":13,"8":13,"9":7,"10":5,"11":1,"12":4,"13":4,"14":4,"15":1,"16":3,"17":1,"18":2,"19":1,"20":1,"21":1},"f":{"0":22,"1":4},"b":{"0":[1,13],"1":[1,4],"2":[1,3],"3":[1,2],"4":[1,1]},"_coverageSchema":"43e27e138ebf9cfc5966b082cf9a028302ed4184","hash":"ec8fc899188d9c1af0bbf567cf477e6f8c81f2c1","contentHash":"e1baa471258132180d68ddad8f6aa379633e0aef4c0f4a2ce11b3c94088c6082"},"/Users/oscar/bootcamp/collab/skylab-bootcamp-201909/staff/oscar-rodriguez/baam/baam-api/logic/join-game/index.spec.js":{"path":"/Users/oscar/bootcamp/collab/skylab-bootcamp-201909/staff/oscar-rodriguez/baam/baam-api/logic/join-game/index.spec.js","statementMap":{"0":{"start":{"line":1,"column":18},"end":{"line":1,"column":34}},"1":{"start":{"line":2,"column":0},"end":{"line":2,"column":27}},"2":{"start":{"line":3,"column":32},"end":{"line":3,"column":39}},"3":{"start":{"line":4,"column":50},"end":{"line":4,"column":71}},"4":{"start":{"line":5,"column":64},"end":{"line":5,"column":85}},"5":{"start":{"line":6,"column":27},"end":{"line":6,"column":31}},"6":{"start":{"line":7,"column":17},"end":{"line":7,"column":29}},"7":{"start":{"line":10,"column":0},"end":{"line":134,"column":2}},"8":{"start":{"line":11,"column":4},"end":{"line":11,"column":47}},"9":{"start":{"line":11,"column":17},"end":{"line":11,"column":46}},"10":{"start":{"line":15,"column":4},"end":{"line":53,"column":6}},"11":{"start":{"line":17,"column":8},"end":{"line":17,"column":65}},"12":{"start":{"line":19,"column":19},"end":{"line":19,"column":37}},"13":{"start":{"line":20,"column":22},"end":{"line":20,"column":40}},"14":{"start":{"line":21,"column":20},"end":{"line":21,"column":47}},"15":{"start":{"line":22,"column":8},"end":{"line":22,"column":37}},"16":{"start":{"line":23,"column":23},"end":{"line":23,"column":41}},"17":{"start":{"line":25,"column":21},"end":{"line":25,"column":83}},"18":{"start":{"line":27,"column":8},"end":{"line":27,"column":24}},"19":{"start":{"line":29,"column":8},"end":{"line":29,"column":170}},"20":{"start":{"line":31,"column":8},"end":{"line":31,"column":28}},"21":{"start":{"line":33,"column":26},"end":{"line":42,"column":10}},"22":{"start":{"line":44,"column":24},"end":{"line":48,"column":9}},"23":{"start":{"line":50,"column":21},"end":{"line":50,"column":47}},"24":{"start":{"line":52,"column":8},"end":{"line":52,"column":24}},"25":{"start":{"line":56,"column":4},"end":{"line":64,"column":6}},"26":{"start":{"line":57,"column":8},"end":{"line":57,"column":38}},"27":{"start":{"line":59,"column":21},"end":{"line":59,"column":48}},"28":{"start":{"line":60,"column":8},"end":{"line":60,"column":41}},"29":{"start":{"line":61,"column":8},"end":{"line":61,"column":48}},"30":{"start":{"line":62,"column":8},"end":{"line":62,"column":41}},"31":{"start":{"line":63,"column":8},"end":{"line":63,"column":65}},"32":{"start":{"line":66,"column":4},"end":{"line":77,"column":6}},"33":{"start":{"line":68,"column":8},"end":{"line":75,"column":9}},"34":{"start":{"line":69,"column":12},"end":{"line":69,"column":43}},"35":{"start":{"line":70,"column":12},"end":{"line":70,"column":57}},"36":{"start":{"line":72,"column":12},"end":{"line":72,"column":35}},"37":{"start":{"line":73,"column":12},"end":{"line":73,"column":60}},"38":{"start":{"line":74,"column":12},"end":{"line":74,"column":75}},"39":{"start":{"line":79,"column":4},"end":{"line":91,"column":6}},"40":{"start":{"line":80,"column":23},"end":{"line":80,"column":49}},"41":{"start":{"line":82,"column":8},"end":{"line":90,"column":9}},"42":{"start":{"line":83,"column":12},"end":{"line":83,"column":42}},"43":{"start":{"line":85,"column":12},"end":{"line":85,"column":54}},"44":{"start":{"line":87,"column":12},"end":{"line":87,"column":34}},"45":{"start":{"line":88,"column":12},"end":{"line":88,"column":60}},"46":{"start":{"line":89,"column":12},"end":{"line":89,"column":60}},"47":{"start":{"line":93,"column":4},"end":{"line":105,"column":6}},"48":{"start":{"line":94,"column":21},"end":{"line":94,"column":47}},"49":{"start":{"line":96,"column":8},"end":{"line":104,"column":9}},"50":{"start":{"line":97,"column":12},"end":{"line":97,"column":41}},"51":{"start":{"line":99,"column":12},"end":{"line":99,"column":54}},"52":{"start":{"line":101,"column":12},"end":{"line":101,"column":34}},"53":{"start":{"line":102,"column":12},"end":{"line":102,"column":60}},"54":{"start":{"line":103,"column":12},"end":{"line":103,"column":60}},"55":{"start":{"line":107,"column":4},"end":{"line":130,"column":6}},"56":{"start":{"line":108,"column":8},"end":{"line":108,"column":74}},"57":{"start":{"line":108,"column":21},"end":{"line":108,"column":32}},"58":{"start":{"line":109,"column":8},"end":{"line":109,"column":80}},"59":{"start":{"line":109,"column":21},"end":{"line":109,"column":35}},"60":{"start":{"line":110,"column":8},"end":{"line":110,"column":74}},"61":{"start":{"line":110,"column":21},"end":{"line":110,"column":33}},"62":{"start":{"line":111,"column":8},"end":{"line":111,"column":89}},"63":{"start":{"line":111,"column":21},"end":{"line":111,"column":33}},"64":{"start":{"line":112,"column":8},"end":{"line":112,"column":90}},"65":{"start":{"line":112,"column":21},"end":{"line":112,"column":40}},"66":{"start":{"line":113,"column":8},"end":{"line":113,"column":80}},"67":{"start":{"line":113,"column":21},"end":{"line":113,"column":35}},"68":{"start":{"line":114,"column":8},"end":{"line":114,"column":89}},"69":{"start":{"line":114,"column":21},"end":{"line":114,"column":38}},"70":{"start":{"line":116,"column":8},"end":{"line":116,"column":81}},"71":{"start":{"line":116,"column":21},"end":{"line":116,"column":33}},"72":{"start":{"line":117,"column":8},"end":{"line":117,"column":86}},"73":{"start":{"line":117,"column":21},"end":{"line":117,"column":38}},"74":{"start":{"line":119,"column":8},"end":{"line":119,"column":81}},"75":{"start":{"line":119,"column":21},"end":{"line":119,"column":39}},"76":{"start":{"line":120,"column":8},"end":{"line":120,"column":87}},"77":{"start":{"line":120,"column":21},"end":{"line":120,"column":42}},"78":{"start":{"line":121,"column":8},"end":{"line":121,"column":81}},"79":{"start":{"line":121,"column":21},"end":{"line":121,"column":40}},"80":{"start":{"line":122,"column":8},"end":{"line":122,"column":96}},"81":{"start":{"line":122,"column":21},"end":{"line":122,"column":40}},"82":{"start":{"line":123,"column":8},"end":{"line":123,"column":97}},"83":{"start":{"line":123,"column":21},"end":{"line":123,"column":47}},"84":{"start":{"line":124,"column":8},"end":{"line":124,"column":87}},"85":{"start":{"line":124,"column":21},"end":{"line":124,"column":42}},"86":{"start":{"line":125,"column":8},"end":{"line":125,"column":96}},"87":{"start":{"line":125,"column":21},"end":{"line":125,"column":45}},"88":{"start":{"line":127,"column":8},"end":{"line":127,"column":88}},"89":{"start":{"line":127,"column":21},"end":{"line":127,"column":40}},"90":{"start":{"line":128,"column":8},"end":{"line":128,"column":93}},"91":{"start":{"line":128,"column":21},"end":{"line":128,"column":45}},"92":{"start":{"line":132,"column":4},"end":{"line":133,"column":36}},"93":{"start":{"line":132,"column":16},"end":{"line":133,"column":35}}},"fnMap":{"0":{"name":"(anonymous_0)","decl":{"start":{"line":10,"column":30},"end":{"line":10,"column":31}},"loc":{"start":{"line":10,"column":36},"end":{"line":134,"column":1}},"line":10},"1":{"name":"(anonymous_1)","decl":{"start":{"line":11,"column":12},"end":{"line":11,"column":13}},"loc":{"start":{"line":11,"column":17},"end":{"line":11,"column":46}},"line":11},"2":{"name":"(anonymous_2)","decl":{"start":{"line":15,"column":15},"end":{"line":15,"column":16}},"loc":{"start":{"line":15,"column":25},"end":{"line":53,"column":5}},"line":15},"3":{"name":"(anonymous_3)","decl":{"start":{"line":56,"column":58},"end":{"line":56,"column":59}},"loc":{"start":{"line":56,"column":69},"end":{"line":64,"column":5}},"line":56},"4":{"name":"(anonymous_4)","decl":{"start":{"line":66,"column":62},"end":{"line":66,"column":63}},"loc":{"start":{"line":66,"column":71},"end":{"line":77,"column":5}},"line":66},"5":{"name":"(anonymous_5)","decl":{"start":{"line":79,"column":41},"end":{"line":79,"column":42}},"loc":{"start":{"line":79,"column":53},"end":{"line":91,"column":5}},"line":79},"6":{"name":"(anonymous_6)","decl":{"start":{"line":93,"column":39},"end":{"line":93,"column":40}},"loc":{"start":{"line":93,"column":51},"end":{"line":105,"column":5}},"line":93},"7":{"name":"(anonymous_7)","decl":{"start":{"line":107,"column":52},"end":{"line":107,"column":53}},"loc":{"start":{"line":107,"column":58},"end":{"line":130,"column":5}},"line":107},"8":{"name":"(anonymous_8)","decl":{"start":{"line":108,"column":15},"end":{"line":108,"column":16}},"loc":{"start":{"line":108,"column":21},"end":{"line":108,"column":32}},"line":108},"9":{"name":"(anonymous_9)","decl":{"start":{"line":109,"column":15},"end":{"line":109,"column":16}},"loc":{"start":{"line":109,"column":21},"end":{"line":109,"column":35}},"line":109},"10":{"name":"(anonymous_10)","decl":{"start":{"line":110,"column":15},"end":{"line":110,"column":16}},"loc":{"start":{"line":110,"column":21},"end":{"line":110,"column":33}},"line":110},"11":{"name":"(anonymous_11)","decl":{"start":{"line":111,"column":15},"end":{"line":111,"column":16}},"loc":{"start":{"line":111,"column":21},"end":{"line":111,"column":33}},"line":111},"12":{"name":"(anonymous_12)","decl":{"start":{"line":112,"column":15},"end":{"line":112,"column":16}},"loc":{"start":{"line":112,"column":21},"end":{"line":112,"column":40}},"line":112},"13":{"name":"(anonymous_13)","decl":{"start":{"line":113,"column":15},"end":{"line":113,"column":16}},"loc":{"start":{"line":113,"column":21},"end":{"line":113,"column":35}},"line":113},"14":{"name":"(anonymous_14)","decl":{"start":{"line":114,"column":15},"end":{"line":114,"column":16}},"loc":{"start":{"line":114,"column":21},"end":{"line":114,"column":38}},"line":114},"15":{"name":"(anonymous_15)","decl":{"start":{"line":116,"column":15},"end":{"line":116,"column":16}},"loc":{"start":{"line":116,"column":21},"end":{"line":116,"column":33}},"line":116},"16":{"name":"(anonymous_16)","decl":{"start":{"line":117,"column":15},"end":{"line":117,"column":16}},"loc":{"start":{"line":117,"column":21},"end":{"line":117,"column":38}},"line":117},"17":{"name":"(anonymous_17)","decl":{"start":{"line":119,"column":15},"end":{"line":119,"column":16}},"loc":{"start":{"line":119,"column":21},"end":{"line":119,"column":39}},"line":119},"18":{"name":"(anonymous_18)","decl":{"start":{"line":120,"column":15},"end":{"line":120,"column":16}},"loc":{"start":{"line":120,"column":21},"end":{"line":120,"column":42}},"line":120},"19":{"name":"(anonymous_19)","decl":{"start":{"line":121,"column":15},"end":{"line":121,"column":16}},"loc":{"start":{"line":121,"column":21},"end":{"line":121,"column":40}},"line":121},"20":{"name":"(anonymous_20)","decl":{"start":{"line":122,"column":15},"end":{"line":122,"column":16}},"loc":{"start":{"line":122,"column":21},"end":{"line":122,"column":40}},"line":122},"21":{"name":"(anonymous_21)","decl":{"start":{"line":123,"column":15},"end":{"line":123,"column":16}},"loc":{"start":{"line":123,"column":21},"end":{"line":123,"column":47}},"line":123},"22":{"name":"(anonymous_22)","decl":{"start":{"line":124,"column":15},"end":{"line":124,"column":16}},"loc":{"start":{"line":124,"column":21},"end":{"line":124,"column":42}},"line":124},"23":{"name":"(anonymous_23)","decl":{"start":{"line":125,"column":15},"end":{"line":125,"column":16}},"loc":{"start":{"line":125,"column":21},"end":{"line":125,"column":45}},"line":125},"24":{"name":"(anonymous_24)","decl":{"start":{"line":127,"column":15},"end":{"line":127,"column":16}},"loc":{"start":{"line":127,"column":21},"end":{"line":127,"column":40}},"line":127},"25":{"name":"(anonymous_25)","decl":{"start":{"line":128,"column":15},"end":{"line":128,"column":16}},"loc":{"start":{"line":128,"column":21},"end":{"line":128,"column":45}},"line":128},"26":{"name":"(anonymous_26)","decl":{"start":{"line":132,"column":11},"end":{"line":132,"column":12}},"loc":{"start":{"line":132,"column":16},"end":{"line":133,"column":35}},"line":132}},"branchMap":{},"s":{"0":1,"1":1,"2":1,"3":1,"4":1,"5":1,"6":1,"7":1,"8":1,"9":1,"10":1,"11":5,"12":5,"13":5,"14":5,"15":5,"16":5,"17":5,"18":5,"19":5,"20":5,"21":5,"22":5,"23":5,"24":5,"25":1,"26":1,"27":1,"28":1,"29":1,"30":1,"31":1,"32":1,"33":1,"34":1,"35":0,"36":1,"37":1,"38":1,"39":1,"40":1,"41":1,"42":1,"43":0,"44":1,"45":1,"46":1,"47":1,"48":1,"49":1,"50":1,"51":0,"52":1,"53":1,"54":1,"55":1,"56":1,"57":1,"58":1,"59":1,"60":1,"61":1,"62":1,"63":1,"64":1,"65":1,"66":1,"67":1,"68":1,"69":1,"70":1,"71":1,"72":1,"73":1,"74":1,"75":1,"76":1,"77":1,"78":1,"79":1,"80":1,"81":1,"82":1,"83":1,"84":1,"85":1,"86":1,"87":1,"88":1,"89":1,"90":1,"91":1,"92":1,"93":1},"f":{"0":1,"1":1,"2":5,"3":1,"4":1,"5":1,"6":1,"7":1,"8":1,"9":1,"10":1,"11":1,"12":1,"13":1,"14":1,"15":1,"16":1,"17":1,"18":1,"19":1,"20":1,"21":1,"22":1,"23":1,"24":1,"25":1,"26":1},"b":{},"_coverageSchema":"43e27e138ebf9cfc5966b082cf9a028302ed4184","hash":"f67de8dc46b25e31265ce79b9081d62c894ada51","contentHash":"845b0ef04887c6ee8ca708d088956f95d7b2e0f0812c94e68cd74589e245d231"},"/Users/oscar/bootcamp/collab/skylab-bootcamp-201909/staff/oscar-rodriguez/baam/baam-api/logic/join-game/index.js":{"path":"/Users/oscar/bootcamp/collab/skylab-bootcamp-201909/staff/oscar-rodriguez/baam/baam-api/logic/join-game/index.js","statementMap":{"0":{"start":{"line":1,"column":77},"end":{"line":1,"column":97}},"1":{"start":{"line":2,"column":53},"end":{"line":2,"column":73}},"2":{"start":{"line":3,"column":0},"
[...]
,"column":12},"end":{"line":60,"column":54}},"46":{"start":{"line":61,"column":12},"end":{"line":61,"column":49}},"47":{"start":{"line":66,"column":4},"end":{"line":78,"column":6}},"48":{"start":{"line":67,"column":19},"end":{"line":67,"column":45}},"49":{"start":{"line":69,"column":8},"end":{"line":77,"column":9}},"50":{"start":{"line":70,"column":12},"end":{"line":70,"column":39}},"51":{"start":{"line":72,"column":12},"end":{"line":72,"column":54}},"52":{"start":{"line":74,"column":12},"end":{"line":74,"column":34}},"53":{"start":{"line":75,"column":12},"end":{"line":75,"column":60}},"54":{"start":{"line":76,"column":12},"end":{"line":76,"column":74}},"55":{"start":{"line":80,"column":4},"end":{"line":91,"column":6}},"56":{"start":{"line":81,"column":8},"end":{"line":81,"column":83}},"57":{"start":{"line":81,"column":21},"end":{"line":81,"column":41}},"58":{"start":{"line":82,"column":8},"end":{"line":82,"column":89}},"59":{"start":{"line":82,"column":21},"end":{"line":82,"column":44}},"60":{"start":{"line":83,"column":8},"end":{"line":83,"column":83}},"61":{"start":{"line":83,"column":21},"end":{"line":83,"column":42}},"62":{"start":{"line":84,"column":8},"end":{"line":84,"column":98}},"63":{"start":{"line":84,"column":21},"end":{"line":84,"column":42}},"64":{"start":{"line":85,"column":8},"end":{"line":85,"column":99}},"65":{"start":{"line":85,"column":21},"end":{"line":85,"column":49}},"66":{"start":{"line":86,"column":8},"end":{"line":86,"column":89}},"67":{"start":{"line":86,"column":21},"end":{"line":86,"column":44}},"68":{"start":{"line":87,"column":8},"end":{"line":87,"column":98}},"69":{"start":{"line":87,"column":21},"end":{"line":87,"column":47}},"70":{"start":{"line":89,"column":8},"end":{"line":89,"column":90}},"71":{"start":{"line":89,"column":21},"end":{"line":89,"column":42}},"72":{"start":{"line":90,"column":8},"end":{"line":90,"column":95}},"73":{"start":{"line":90,"column":21},"end":{"line":90,"column":47}},"74":{"start":{"line":93,"column":4},"end":{"line":93,"column":60}},"75":{"start":{"line":93,"column":16},"end":{"line":93,"column":59}}},"fnMap":{"0":{"name":"(anonymous_0)","decl":{"start":{"line":9,"column":40},"end":{"line":9,"column":41}},"loc":{"start":{"line":9,"column":46},"end":{"line":94,"column":1}},"line":9},"1":{"name":"(anonymous_1)","decl":{"start":{"line":10,"column":11},"end":{"line":10,"column":12}},"loc":{"start":{"line":10,"column":17},"end":{"line":10,"column":46}},"line":10},"2":{"name":"(anonymous_2)","decl":{"start":{"line":14,"column":15},"end":{"line":14,"column":16}},"loc":{"start":{"line":14,"column":27},"end":{"line":43,"column":5}},"line":14},"3":{"name":"(anonymous_3)","decl":{"start":{"line":45,"column":44},"end":{"line":45,"column":45}},"loc":{"start":{"line":45,"column":56},"end":{"line":64,"column":5}},"line":45},"4":{"name":"(anonymous_4)","decl":{"start":{"line":51,"column":22},"end":{"line":51,"column":23}},"loc":{"start":{"line":51,"column":29},"end":{"line":62,"column":9}},"line":51},"5":{"name":"(anonymous_5)","decl":{"start":{"line":66,"column":39},"end":{"line":66,"column":40}},"loc":{"start":{"line":66,"column":51},"end":{"line":78,"column":5}},"line":66},"6":{"name":"(anonymous_6)","decl":{"start":{"line":80,"column":52},"end":{"line":80,"column":53}},"loc":{"start":{"line":80,"column":58},"end":{"line":91,"column":5}},"line":80},"7":{"name":"(anonymous_7)","decl":{"start":{"line":81,"column":15},"end":{"line":81,"column":16}},"loc":{"start":{"line":81,"column":21},"end":{"line":81,"column":41}},"line":81},"8":{"name":"(anonymous_8)","decl":{"start":{"line":82,"column":15},"end":{"line":82,"column":16}},"loc":{"start":{"line":82,"column":21},"end":{"line":82,"column":44}},"line":82},"9":{"name":"(anonymous_9)","decl":{"start":{"line":83,"column":15},"end":{"line":83,"column":16}},"loc":{"start":{"line":83,"column":21},"end":{"line":83,"column":42}},"line":83},"10":{"name":"(anonymous_10)","decl":{"start":{"line":84,"column":15},"end":{"line":84,"column":16}},"loc":{"start":{"line":84,"column":21},"end":{"line":84,"column":42}},"line":84},"11":{"name":"(anonymous_11)","decl":{"start":{"line":85,"column":15},"end":{"line":85,"column":16}},"loc":{"start":{"line":85,"column":21},"end":{"line":85,"column":49}},"line":85},"12":{"name":"(anonymous_12)","decl":{"start":{"line":86,"column":15},"end":{"line":86,"column":16}},"loc":{"start":{"line":86,"column":21},"end":{"line":86,"column":44}},"line":86},"13":{"name":"(anonymous_13)","decl":{"start":{"line":87,"column":15},"end":{"line":87,"column":16}},"loc":{"start":{"line":87,"column":21},"end":{"line":87,"column":47}},"line":87},"14":{"name":"(anonymous_14)","decl":{"start":{"line":89,"column":15},"end":{"line":89,"column":16}},"loc":{"start":{"line":89,"column":21},"end":{"line":89,"column":42}},"line":89},"15":{"name":"(anonymous_15)","decl":{"start":{"line":90,"column":15},"end":{"line":90,"column":16}},"loc":{"start":{"line":90,"column":21},"end":{"line":90,"column":47}},"line":90},"16":{"name":"(anonymous_16)","decl":{"start":{"line":93,"column":10},"end":{"line":93,"column":11}},"loc":{"start":{"line":93,"column":16},"end":{"line":93,"column":59}},"line":93}},"branchMap":{"0":{"loc":{"start":{"line":39,"column":12},"end":{"line":39,"column":44}},"type":"binary-expr","locations":[{"start":{"line":39,"column":12},"end":{"line":39,"column":15}},{"start":{"line":39,"column":19},"end":{"line":39,"column":44}}],"line":39}},"s":{"0":1,"1":1,"2":1,"3":1,"4":1,"5":1,"6":1,"7":1,"8":1,"9":1,"10":1,"11":3,"12":3,"13":3,"14":3,"15":3,"16":3,"17":3,"18":3,"19":3,"20":3,"21":30,"22":30,"23":30,"24":30,"25":30,"26":30,"27":30,"28":30,"29":30,"30":30,"31":3,"32":1,"33":1,"34":1,"35":1,"36":1,"37":5,"38":5,"39":5,"40":5,"41":5,"42":5,"43":5,"44":5,"45":5,"46":5,"47":1,"48":1,"49":1,"50":1,"51":0,"52":1,"53":1,"54":1,"55":1,"56":1,"57":1,"58":1,"59":1,"60":1,"61":1,"62":1,"63":1,"64":1,"65":1,"66":1,"67":1,"68":1,"69":1,"70":1,"71":1,"72":1,"73":1,"74":1,"75":1},"f":{"0":1,"1":1,"2":3,"3":1,"4":5,"5":1,"6":1,"7":1,"8":1,"9":1,"10":1,"11":1,"12":1,"13":1,"14":1,"15":1,"16":1},"b":{"0":[30,15]},"_coverageSchema":"43e27e138ebf9cfc5966b082cf9a028302ed4184","hash":"0e5dadd77b14577a649b8ea36af3c9091dae23ac","contentHash":"08091e5ac86b6b33f2f680b40844cce59d5b1a8b87cd8776159b7ce1cbc347fa"},"/Users/oscar/bootcamp/collab/skylab-bootcamp-201909/staff/oscar-rodriguez/baam/baam-api/logic/retrieve-user-cards/index.js":{"path":"/Users/oscar/bootcamp/collab/skylab-bootcamp-201909/staff/oscar-rodriguez/baam/baam-api/logic/retrieve-user-cards/index.js","statementMap":{"0":{"start":{"line":1,"column":62},"end":{"line":1,"column":82}},"1":{"start":{"line":2,"column":44},"end":{"line":2,"column":64}},"2":{"start":{"line":4,"column":0},"end":{"line":21,"column":1}},"3":{"start":{"line":5,"column":4},"end":{"line":5,"column":23}},"4":{"start":{"line":6,"column":4},"end":{"line":6,"column":37}},"5":{"start":{"line":7,"column":4},"end":{"line":7,"column":80}},"6":{"start":{"line":7,"column":31},"end":{"line":7,"column":80}},"7":{"start":{"line":9,"column":4},"end":{"line":20,"column":8}},"8":{"start":{"line":10,"column":21},"end":{"line":10,"column":69}},"9":{"start":{"line":11,"column":8},"end":{"line":11,"column":74}},"10":{"start":{"line":11,"column":19},"end":{"line":11,"column":74}},"11":{"start":{"line":13,"column":8},"end":{"line":16,"column":10}},"12":{"start":{"line":14,"column":12},"end":{"line":14,"column":55}},"13":{"start":{"line":15,"column":12},"end":{"line":15,"column":27}},"14":{"start":{"line":18,"column":8},"end":{"line":18,"column":25}}},"fnMap":{"0":{"name":"(anonymous_0)","decl":{"start":{"line":4,"column":17},"end":{"line":4,"column":18}},"loc":{"start":{"line":4,"column":31},"end":{"line":21,"column":1}},"line":4},"1":{"name":"(anonymous_1)","decl":{"start":{"line":9,"column":12},"end":{"line":9,"column":13}},"loc":{"start":{"line":9,"column":24},"end":{"line":20,"column":5}},"line":9},"2":{"name":"(anonymous_2)","decl":{"start":{"line":13,"column":27},"end":{"line":13,"column":28}},"loc":{"start":{"line":13,"column":35},"end":{"line":16,"column":9}},"line":13}},"branchMap":{"0":{"loc":{"start":{"line":7,"column":4},"end":{"line":7,"column":80}},"type":"if","locations":[{"start":{"line":7,"column":4},"end":{"line":7,"column":80}},{"start":{"line":7,"column":4},"end":{"line":7,"column":80}}],"line":7},"1":{"loc":{"start":{"line":11,"column":8},"end":{"line":11,"column":74}},"type":"if","locations":[{"start":{"line":11,"column":8},"end":{"line":11,"column":74}},{"start":{"line":11,"column":8},"end":{"line":11,"column":74}}],"line":11},"2":{"loc":{"start":{"line":14,"column":12},"end":{"line":14,"column":55}},"type":"binary-expr","locations":[{"start":{"line":14,"column":12},"end":{"line":14,"column":20}},{"start":{"line":14,"column":25},"end":{"line":14,"column":54}}],"line":14}},"s":{"0":1,"1":1,"2":1,"3":11,"4":5,"5":3,"6":1,"7":2,"8":2,"9":2,"10":1,"11":1,"12":5,"13":5,"14":1},"f":{"0":11,"1":2,"2":5},"b":{"0":[1,2],"1":[1,1],"2":[5,5]},"_coverageSchema":"43e27e138ebf9cfc5966b082cf9a028302ed4184","hash":"0080dbe5bdf94616e938791dd2fa622922d294fd","contentHash":"3793464f0f72dd6e84c4239307509b7a5dbc2a2fdd485a2da02b0463f8b2f1f7"},"/Users/oscar/bootcamp/collab/skylab-bootcamp-201909/staff/oscar-rodriguez/baam/baam-api/logic/retrieve-user/index.spec.js":{"path":"/Users/oscar/bootcamp/collab/skylab-bootcamp-201909/staff/oscar-rodriguez/baam/baam-api/logic/retrieve-user/index.spec.js","statementMap":{"0":{"start":{"line":1,"column":0},"end":{"line":1,"column":26}},"1":{"start":{"line":2,"column":33},"end":{"line":2,"column":40}},"2":{"start":{"line":3,"column":19},"end":{"line":3,"column":34}},"3":{"start":{"line":4,"column":19},"end":{"line":4,"column":23}},"4":{"start":{"line":5,"column":21},"end":{"line":5,"column":33}},"5":{"start":{"line":6,"column":52},"end":{"line":6,"column":72}},"6":{"start":{"line":7,"column":39},"end":{"line":7,"column":59}},"7":{"start":{"line":9,"column":0},"end":{"line":76,"column":2}},"8":{"start":{"line":10,"column":4},"end":{"line":10,"column":47}},"9":{"start":{"line":10,"column":17},"end":{"line":10,"column":46}},"10":{"start":{"line":14,"column":4},"end":{"line":26,"column":6}},"11":{"start":{"line":15,"column":8},"end":{"line":15,"column":33}},"12":{"start":{"line":16,"column":8},"end":{"line":16,"column":39}},"13":{"start":{"line":17,"column":8},"end":{"line":17,"column":44}},"14":{"start":{"line":18,"column":8},"end":{"line":18,"column":41}},"15":{"start":{"line":19,"column":8},"end":{"line":19,"column":41}},"16":{"start":{"line":21,"column":8},"end":{"line":21,"column":31}},"17":{"start":{"line":23,"column":21},"end":{"line":23,"column":84}},"18":{"start":{"line":25,"column":8},"end":{"line":25,"column":20}},"19":{"start":{"line":28,"column":4},"end":{"line":46,"column":6}},"20":{"start":{"line":29,"column":21},"end":{"line":29,"column":43}},"21":{"start":{"line":31,"column":8},"end":{"line":31,"column":29}},"22":{"start":{"line":32,"column":8},"end":{"line":32,"column":36}},"23":{"start":{"line":33,"column":8},"end":{"line":33,"column":41}},"24":{"start":{"line":34,"column":8},"end":{"line":34,"column":37}},"25":{"start":{"line":35,"column":8},"end":{"line":35,"column":40}},"26":{"start":{"line":36,"column":8},"end":{"line":36,"column":43}},"27":{"start":{"line":37,"column":8},"end":{"line":37,"column":46}},"28":{"start":{"line":38,"column":8},"end":{"line":38,"column":46}},"29":{"start":{"line":39,"column":8},"end":{"line":39,"column":42}},"30":{"start":{"line":40,"column":8},"end":{"line":40,"column":44}},"31":{"start":{"line":41,"column":8},"end":{"line":41,"column":48}},"32":{"start":{"line":42,"column":8},"end":{"line":42,"column":47}},"33":{"start":{"line":43,"column":8},"end":{"line":43,"column":45}},"34":{"start":{"line":44,"column":8},"end":{"line":44,"column":40}},"35":{"start":{"line":45,"column":8},"end":{"line":45,"column":57}},"36":{"start":{"line":48,"column":4},"end":{"line":60,"column":6}},"37":{"start":{"line":49,"column":19},"end":{"line":49,"column":45}},"38":{"start":{"line":51,"column":8},"end":{"line":59,"column":9}},"39":{"start":{"line":52,"column":12},"end":{"line":52,"column":34}},"40":{"start":{"line":54,"column":12},"end":{"line":54,"column":54}},"41":{"start":{"line":56,"column":12},"end":{"line":56,"column":34}},"42":{"start":{"line":57,"column":12},"end":{"line":57,"column":60}},"43":{"start":{"line":58,"column":12},"end":{"line":58,"column":74}},"44":{"start":{"line":62,"column":4},"end":{"line":73,"column":6}},"45":{"start":{"line":63,"column":8},"end":{"line":63,"column":78}},"46":{"start":{"line":63,"column":21},"end":{"line":63,"column":36}},"47":{"start":{"line":64,"column":8},"end":{"line":64,"column":84}},"48":{"start":{"line":64,"column":21},"end":{"line":64,"column":39}},"49":{"start":{"line":65,"column":8},"end":{"line":65,"column":78}},"50":{"start":{"line":65,"column":21},"end":{"line":65,"column":37}},"51":{"start":{"line":66,"column":8},"end":{"line":66,"column":93}},"52":{"start":{"line":66,"column":21},"end":{"line":66,"column":37}},"53":{"start":{"line":67,"column":8},"end":{"line":67,"column":94}},"54":{"start":{"line":67,"column":21},"end":{"line":67,"column":44}},"55":{"start":{"line":68,"column":8},"end":{"line":68,"column":84}},"56":{"start":{"line":68,"column":21},"end":{"line":68,"column":39}},"57":{"start":{"line":69,"column":8},"end":{"line":69,"column":93}},"58":{"start":{"line":69,"column":21},"end":{"line":69,"column":42}},"59":{"start":{"line":71,"column":8},"end":{"line":71,"column":85}},"60":{"start":{"line":71,"column":21},"end":{"line":71,"column":37}},"61":{"start":{"line":72,"column":8},"end":{"line":72,"column":90}},"62":{"start":{"line":72,"column":21},"end":{"line":72,"column":42}},"63":{"start":{"line":75,"column":4},"end":{"line":75,"column":60}},"64":{"start":{"line":75,"column":16},"end":{"line":75,"column":59}}},"fnMap":{"0":{"name":"(anonymous_0)","decl":{"start":{"line":9,"column":34},"end":{"line":9,"column":35}},"loc":{"start":{"line":9,"column":40},"end":{"line":76,"column":1}},"line":9},"1":{"name":"(anonymous_1)","decl":{"start":{"line":10,"column":11},"end":{"line":10,"column":12}},"loc":{"start":{"line":10,"column":17},"end":{"line":10,"column":46}},"line":10},"2":{"name":"(anonymous_2)","decl":{"start":{"line":14,"column":15},"end":{"line":14,"column":16}},"loc":{"start":{"line":14,"column":27},"end":{"line":26,"column":5}},"line":14},"3":{"name":"(anonymous_3)","decl":{"start":{"line":28,"column":44},"end":{"line":28,"column":45}},"loc":{"start":{"line":28,"column":56},"end":{"line":46,"column":5}},"line":28},"4":{"name":"(anonymous_4)","decl":{"start":{"line":48,"column":39},"end":{"line":48,"column":40}},"loc":{"start":{"line":48,"column":51},"end":{"line":60,"column":5}},"line":48},"5":{"name":"(anonymous_5)","decl":{"start":{"line":62,"column":52},"end":{"line":62,"column":53}},"loc":{"start":{"line":62,"column":58},"end":{"line":73,"column":5}},"line":62},"6":{"name":"(anonymous_6)","decl":{"start":{"line":63,"column":15},"end":{"line":63,"column":16}},"loc":{"start":{"line":63,"column":21},"end":{"line":63,"column":36}},"line":63},"7":{"name":"(anonymous_7)","decl":{"start":{"line":64,"column":15},"end":{"line":64,"column":16}},"loc":{"start":{"line":64,"column":21},"end":{"line":64,"column":39}},"line":64},"8":{"name":"(anonymous_8)","decl":{"start":{"line":65,"column":15},"end":{"line":65,"column":16}},"loc":{"start":{"line":65,"column":21},"end":{"line":65,"column":37}},"line":65},"9":{"name":"(anonymous_9)","decl":{"start":{"line":66,"column":15},"end":{"line":66,"column":16}},"loc":{"start":{"line":66,"column":21},"end":{"line":66,"column":37}},"line":66},"10":{"name":"(anonymous_10)","decl":{"start":{"line":67,"column":15},"end":{"line":67,"column":16}},"loc":{"start":{"line":67,"column":21},"end":{"line":67,"column":44}},"line":67},"11":{"name":"(anonymous_11)","decl":{"start":{"line":68,"column":15},"end":{"line":68,"column":16}},"loc":{"start":{"line":68,"column":21},"end":{"line":68,"column":39}},"line":68},"12":{"name":"(anonymous_12)","decl":{"start":{"line":69,"column":15},"end":{"line":69,"column":16}},"loc":{"start":{"line":69,"column":21},"end":{"line":69,"column":42}},"line":69},"13":{"name":"(anonymous_13)","decl":{"start":{"line":71,"column":15},"end":{"line":71,"column":16}},"loc":{"start":{"line":71,"column":21},"end":{"line":71,"column":37}},"line":71},"14":{"name":"(anonymous_14)","decl":{"start":{"line":72,"column":15},"end":{"line":72,"column":16}},"loc":{"start":{"line":72,"column":21},"end":{"line":72,"column":42}},"line":72},"15":{"name":"(anonymous_15)","decl":{"start":{"line":75,"column":10},"end":{"line":75,"column":11}},"loc":{"start":{"line":75,"column":16},"end":{"line":75,"column":59}},"line":75}},"branchMap":{},"s":{"0":1,"1":1,"2":1,"3":1,"4":1,"5":1,"6":1,"7":1,"8":1,"9":1,"10":1,"11":3,"12":3,"13":3,"14":3,"15":3,"16":3,"17":3,"18":3,"19":1,"20":1,"21":1,"22":1,"23":1,"24":1,"25":1,"26":1,"27":1,"28":1,"29":1,"30":1,"31":1,"32":1,"33":1,"34":1,"35":1,"36":1,"37":1,"38":1,"39":1,"40":0,"41":1,"42":1,"43":1,"44":1,"45":1,"46":1,"47":1,"48":1,"49":1,"50":1,"51":1,"52":1,"53":1,"54":1,"55":1,"56":1,"57":1,"58":1,"59":1,"60":1,"61":1,"62":1,"63":1,"64":1},"f":{"0":1,"1":1,"2":3,"3":1,"4":1,"5":1,"6":1,"7":1,"8":1,"9":1,"10":1,"11":1,"12":1,"13":1,"14":1,"15":1},"b":{},"_coverageSchema":"43e27e138ebf9cfc5966b082cf9a028302ed4184","hash":"4c2d6ed2b8ebc394871dc76f4bbb8780bc4d070c","contentHash":"dbea9f7fc2a4243e5e64462254475663a1e5e0b92c1cad19a73ae0e9000522bc"},"/Users/oscar/bootcamp/collab/skylab-bootcamp-201909/staff/oscar-rodriguez/baam/baam-api/logic/retrieve-user/index.js":{"path":"/Users/oscar/bootcamp/collab/skylab-bootcamp-201909/staff/oscar-rodriguez/baam/baam-api/logic/retrieve-user/index.js","statementMap":{"0":{"start":{"line":1,"column":62},"end":{"line":1,"column":82}},"1":{"start":{"line":2,"column":39},"end":{"line":2,"column":59}},"2":{"start":{"line":4,"column":0},"end":{"line":22,"column":1}},"3":{"start":{"line":5,"column":4},"end":{"line":5,"column":23}},"4":{"start":{"line":6,"column":4},"end":{"line":6,"column":37}},"5":{"start":{"line":7,"column":4},"end":{"line":7,"column":80}},"6":{"start":{"line":7,"column":31},"end":{"line":7,"column":80}},"7":{"start":{"line":9,"column":4},"end":{"line":21,"column":8}},"8":{"start":{"line":10,"column":21},"end":{"line":10,"column":44}},"9":{"start":{"line":12,"column":8},"end":{"line":12,"column":74}},"10":{"start":{"line":12,"column":19},"end":{"line":12,"column":74}},"11":{"start":{"line":14,"column":8},"end":{"line":14,"column":34}},"12":{"start":{"line":16,"column":8},"end":{"line":16,"column":25}},"13":{"start":{"line":18,"column":83},"end":{"line":18,"column":98}},"14":{"start":{"line":20,"column":8},"end":{"line":20,"column":86}}},"fnMap":{"0":{"name":"(anonymous_0)","decl":{"start":{"line":4,"column":17},"end":{"line":4,"column":18}},"loc":{"start":{"line":4,"column":31},"end":{"line":22,"column":1}},"line":4},"1":{"name":"(anonymous_1)","decl":{"start":{"line":9,"column":12},"end":{"line":9,"column":13}},"loc":{"start":{"line":9,"column":24},"end":{"line":21,"column":5}},"line":9}},"branchMap":{"0":{"loc":{"start":{"line":7,"column":4},"end":{"line":7,"column":80}},"type":"if","locations":[{"start":{"line":7,"column":4},"end":{"line":7,"column":80}},{"start":{"line":7,"column":4},"end":{"line":7,"column":80}}],"line":7},"1":{"loc":{"start":{"line":12,"column":8},"end":{"line":12,"column":74}},"type":"if","locations":[{"start":{"line":12,"column":8},"end":{"line":12,"column":74}},{"start":{"line":12,"column":8},"end":{"line":12,"column":74}}],"line":12}},"s":{"0":1,"1":1,"2":1,"3":11,"4":5,"5":3,"6":1,"7":2,"8":2,"9":2,"10":1,"11":1,"12":1,"13":1,"14":1},"f":{"0":11,"1":2},"b":{"0":[1,2],"1":[1,1]},"_coverageSchema":"43e27e138ebf9cfc5966b082cf9a028302ed4184","hash":"e9393c5c9916d0d1d68a17a5f58f3c7d54466668","contentHash":"656d807f878f999ddd6c0f86ef9a371556608fd97d2d99b9be05aac9b2d56b63"}}